*** Log File Version: 3.0 ***
[+00:000:000] [Conn_Detect]	[EDP-1] DDC Display: [EDID Block 0] 

00 FF FF FF FF FF FF 00 04 69 00 00 00 00 00 00 
00 0A 01 04 A5 3C 22 78 3A A5 95 AA 54 4F A1 26 
0A 50 54 20 00 00 D1 C0 01 01 01 01 01 01 01 01 
01 01 01 01 01 01 00 00 00 10 00 00 00 00 00 00 
00 00 00 00 00 00 00 00 00 00 00 10 00 00 00 00 
00 00 00 00 00 00 00 00 00 00 00 00 00 10 00 00 
00 00 00 00 00 00 00 00 00 00 00 00 00 00 00 10 
00 00 00 00 00 00 00 00 00 00 00 00 00 00 00 DA 
^
[+00:000:096] [Conn_PHY_SIZE]	[EDP-1]  [X Dim:600mm, Y Dim:340mm]
^
[+00:000:036] [Conn_native_mode]	[EDP-1] {1920x1080@60Hz}
^
[+00:025:603] [Conn_Stereo3D_support]	[EDP-1] - Stereo3D:0
^
[+00:002:148] [Conn_Detect]	[USBC-1] DDC Display: [EDID Block 0] 

00 FF FF FF FF FF FF 00 04 69 00 00 00 00 00 00 
00 0A 01 04 A5 3C 22 78 3A A5 95 AA 54 4F A1 26 
0A 50 54 20 00 00 D1 C0 01 01 01 01 01 01 01 01 
01 01 01 01 01 01 00 00 00 10 00 00 00 00 00 00 
00 00 00 00 00 00 00 00 00 00 00 10 00 00 00 00 
00 00 00 00 00 00 00 00 00 00 00 00 00 10 00 00 
00 00 00 00 00 00 00 00 00 00 00 00 00 00 00 10 
00 00 00 00 00 00 00 00 00 00 00 00 00 00 00 DA 
^
[+00:000:034] [Conn_PHY_SIZE]	[USBC-1]  [X Dim:600mm, Y Dim:340mm]
^
[+00:000:011] [Conn_native_mode]	[USBC-1] {1920x1080@60Hz}
^
[+00:000:011] [Conn_Stereo3D_support]	[USBC-1] - Stereo3D:0
^
[+00:001:790] [Conn_Detect]	[USBC-1] DDC Display: [EDID Block 0] 

00 FF FF FF FF FF FF 00 04 69 00 00 00 00 00 00 
00 0A 01 04 A5 3C 22 78 3A A5 95 AA 54 4F A1 26 
0A 50 54 20 00 00 D1 C0 01 01 01 01 01 01 01 01 
01 01 01 01 01 01 00 00 00 10 00 00 00 00 00 00 
00 00 00 00 00 00 00 00 00 00 00 10 00 00 00 00 
00 00 00 00 00 00 00 00 00 00 00 00 00 10 00 00 
00 00 00 00 00 00 00 00 00 00 00 00 00 00 00 10 
00 00 00 00 00 00 00 00 00 00 00 00 00 00 00 DA 
^
[+00:000:030] [Conn_PHY_SIZE]	[USBC-1]  [X Dim:600mm, Y Dim:340mm]
^
[+00:000:011] [Conn_native_mode]	[USBC-1] {1920x1080@60Hz}
^
[+00:000:010] [Conn_Stereo3D_support]	[USBC-1] - Stereo3D:0
^
[+00:001:971] [Conn_Detect]	[USBC-1] DDC Display: [EDID Block 0] 

00 FF FF FF FF FF FF 00 04 69 00 00 00 00 00 00 
00 0A 01 04 A5 3C 22 78 3A A5 95 AA 54 4F A1 26 
0A 50 54 20 00 00 D1 C0 01 01 01 01 01 01 01 01 
01 01 01 01 01 01 00 00 00 10 00 00 00 00 00 00 
00 00 00 00 00 00 00 00 00 00 00 10 00 00 00 00 
00 00 00 00 00 00 00 00 00 00 00 00 00 10 00 00 
00 00 00 00 00 00 00 00 00 00 00 00 00 00 00 10 
00 00 00 00 00 00 00 00 00 00 00 00 00 00 00 DA 
^
[+00:000:033] [Conn_PHY_SIZE]	[USBC-1]  [X Dim:600mm, Y Dim:340mm]
^
[+00:000:011] [Conn_native_mode]	[USBC-1] {1920x1080@60Hz}
^
[+00:000:011] [Conn_Stereo3D_support]	[USBC-1] - Stereo3D:0
^
[+00:001:838] [Conn_Detect]	[USBC-1] DDC Display: [EDID Block 0] 

00 FF FF FF FF FF FF 00 04 69 00 00 00 00 00 00 
00 0A 01 04 A5 3C 22 78 3A A5 95 AA 54 4F A1 26 
0A 50 54 20 00 00 D1 C0 01 01 01 01 01 01 01 01 
01 01 01 01 01 01 00 00 00 10 00 00 00 00 00 00 
00 00 00 00 00 00 00 00 00 00 00 10 00 00 00 00 
00 00 00 00 00 00 00 00 00 00 00 00 00 10 00 00 
00 00 00 00 00 00 00 00 00 00 00 00 00 00 00 10 
00 00 00 00 00 00 00 00 00 00 00 00 00 00 00 DA 
^
[+00:000:054] [Conn_PHY_SIZE]	[USBC-1]  [X Dim:600mm, Y Dim:340mm]
^
[+00:000:017] [Conn_native_mode]	[USBC-1] {1920x1080@60Hz}
^
[+00:000:014] [Conn_Stereo3D_support]	[USBC-1] - Stereo3D:0
^
[+00:001:980] [Conn_Detect]	[HDMI-2] DDC Display: [EDID Block 0] 

00 FF FF FF FF FF FF 00 04 69 00 00 00 00 00 00 
00 0A 01 04 A5 3C 22 78 3A A5 95 AA 54 4F A1 26 
0A 50 54 20 00 00 D1 C0 01 01 01 01 01 01 01 01 
01 01 01 01 01 01 00 00 00 10 00 00 00 00 00 00 
00 00 00 00 00 00 00 00 00 00 00 10 00 00 00 00 
00 00 00 00 00 00 00 00 00 00 00 00 00 10 00 00 
00 00 00 00 00 00 00 00 00 00 00 00 00 00 00 10 
00 00 00 00 00 00 00 00 00 00 00 00 00 00 00 DA 
^
[+00:000:034] [Conn_PHY_SIZE]	[HDMI-2]  [X Dim:600mm, Y Dim:340mm]
^
[+00:000:011] [Conn_native_mode]	[HDMI-2] {1920x1080@60Hz}
^
[+00:000:011] [Conn_Stereo3D_support]	[HDMI-2] - Stereo3D:0
^
[+00:000:891] [Conn_Detect]	[UNKNOWN] DDC Display: [EDID Block 0] 

00 FF FF FF FF FF FF 00 04 69 00 00 00 00 00 00 
00 0A 01 04 A5 3C 22 78 3A A5 95 AA 54 4F A1 26 
0A 50 54 20 00 00 D1 C0 01 01 01 01 01 01 01 01 
01 01 01 01 01 01 00 00 00 10 00 00 00 00 00 00 
00 00 00 00 00 00 00 00 00 00 00 10 00 00 00 00 
00 00 00 00 00 00 00 00 00 00 00 00 00 10 00 00 
00 00 00 00 00 00 00 00 00 00 00 00 00 00 00 10 
00 00 00 00 00 00 00 00 00 00 00 00 00 00 00 DA 
^
[+00:000:114] [Conn_PHY_SIZE]	[UNKNOWN]  [X Dim:600mm, Y Dim:340mm]
^
[+00:000:018] [Conn_native_mode]	[UNKNOWN] {1920x1080@60Hz}
^
[+00:000:010] [Conn_Stereo3D_support]	[UNKNOWN] - Stereo3D:0
^
[+00:000:925] [Conn_Detect]	[UNKNOWN] DDC Display: [EDID Block 0] 

00 FF FF FF FF FF FF 00 04 69 00 00 00 00 00 00 
00 0A 01 04 A5 3C 22 78 3A A5 95 AA 54 4F A1 26 
0A 50 54 20 00 00 D1 C0 01 01 01 01 01 01 01 01 
01 01 01 01 01 01 00 00 00 10 00 00 00 00 00 00 
00 00 00 00 00 00 00 00 00 00 00 10 00 00 00 00 
00 00 00 00 00 00 00 00 00 00 00 00 00 10 00 00 
00 00 00 00 00 00 00 00 00 00 00 00 00 00 00 10 
00 00 00 00 00 00 00 00 00 00 00 00 00 00 00 DA 
^
[+00:000:026] [Conn_PHY_SIZE]	[UNKNOWN]  [X Dim:600mm, Y Dim:340mm]
^
[+00:000:011] [Conn_native_mode]	[UNKNOWN] {1920x1080@60Hz}
^
[+00:000:010] [Conn_Stereo3D_support]	[UNKNOWN] - Stereo3D:0
^
[+00:108:825] [Conn_Detect]	[EDP-1] DDC Display: [EDID Block 0] 

00 FF FF FF FF FF FF 00 0D AE C3 14 00 00 00 00 
13 1A 01 04 95 1F 11 78 02 7E 45 93 55 53 94 28 
23 50 54 00 00 00 01 01 01 01 01 01 01 01 01 01 
01 01 01 01 01 01 DA 1D 56 E2 50 00 20 30 44 2D 
47 00 35 AD 10 00 00 1A E7 13 56 E2 50 00 20 30 
44 2D 47 00 35 AD 10 00 00 1A 00 00 00 00 00 00 
00 00 00 00 00 00 00 00 00 00 00 00 00 00 00 02 
00 0C 44 FF 0B 3C 6E 0F 0F 1B 6E 00 00 00 00 9C 
^
[+00:000:045] [Conn_PHY_SIZE]	[EDP-1]  [X Dim:310mm, Y Dim:170mm]
^
[+00:000:015] [Conn_native_mode]	[EDP-1] {1366x768@60Hz}
^
[+00:000:015] [Conn_Stereo3D_support]	[EDP-1] - Stereo3D:0
^
[+00:037:474] [Conn_Num_Display]	 1
^
[+05:935:114] [Conn_Detect]	[EDP-1] DDC Display: [EDID Block 0] 

00 FF FF FF FF FF FF 00 0D AE C3 14 00 00 00 00 
13 1A 01 04 95 1F 11 78 02 7E 45 93 55 53 94 28 
23 50 54 00 00 00 01 01 01 01 01 01 01 01 01 01 
01 01 01 01 01 01 DA 1D 56 E2 50 00 20 30 44 2D 
47 00 35 AD 10 00 00 1A E7 13 56 E2 50 00 20 30 
44 2D 47 00 35 AD 10 00 00 1A 00 00 00 00 00 00 
00 00 00 00 00 00 00 00 00 00 00 00 00 00 00 02 
00 0C 44 FF 0B 3C 6E 0F 0F 1B 6E 00 00 00 00 9C 
00 00 00 00 00 00 00 00 00 00 00 00 00 00 00 00 
00 00 00 00 00 00 00 00 00 00 00 00 00 00 00 00 
00 00 00 00 00 00 00 00 00 00 00 00 00 00 00 00 
00 00 00 00 00 00 00 00 00 00 00 00 00 00 00 00 
00 00 00 00 00 00 00 00 00 00 00 00 00 00 00 00 
00 00 00 00 00 00 00 00 00 00 00 00 00 00 00 00 
00 00 00 00 00 00 00 00 00 00 00 00 00 00 00 00 
00 00 00 00 00 00 00 00 00 00 00 00 00 00 00 00 
^
[+00:000:039] [Conn_PHY_SIZE]	[EDP-1]  [X Dim:310mm, Y Dim:170mm]
^
[+00:000:010] [Conn_native_mode]	[EDP-1] {1366x768@60Hz}
^
[+00:000:010] [Conn_Stereo3D_support]	[EDP-1] - Stereo3D:0
^
[+00:015:067] [Conn_Mode]	[EDP-1] {1366x768, 1366x768@60:1, 1592x800@76420Khz}
^
[+00:005:117] [Conn_LKTN]	[EDP-1] HBRx1 pass VS=0, PE=0
^
*** Log File Version: 3.0 ***
[+00:000:000] [Conn_Detect]	[EDP-1] DDC Display: [EDID Block 0] 

00 FF FF FF FF FF FF 00 04 69 00 00 00 00 00 00 
00 0A 01 04 A5 3C 22 78 3A A5 95 AA 54 4F A1 26 
0A 50 54 20 00 00 D1 C0 01 01 01 01 01 01 01 01 
01 01 01 01 01 01 00 00 00 10 00 00 00 00 00 00 
00 00 00 00 00 00 00 00 00 00 00 10 00 00 00 00 
00 00 00 00 00 00 00 00 00 00 00 00 00 10 00 00 
00 00 00 00 00 00 00 00 00 00 00 00 00 00 00 10 
00 00 00 00 00 00 00 00 00 00 00 00 00 00 00 DA 
^
[+00:000:037] [Conn_PHY_SIZE]	[EDP-1]  [X Dim:600mm, Y Dim:340mm]
^
[+00:000:008] [Conn_native_mode]	[EDP-1] {1920x1080@60Hz}
^
[+00:000:007] [Conn_Stereo3D_support]	[EDP-1] - Stereo3D:0
^
[+00:001:289] [Conn_Detect]	[USBC-1] DDC Display: [EDID Block 0] 

00 FF FF FF FF FF FF 00 04 69 00 00 00 00 00 00 
00 0A 01 04 A5 3C 22 78 3A A5 95 AA 54 4F A1 26 
0A 50 54 20 00 00 D1 C0 01 01 01 01 01 01 01 01 
01 01 01 01 01 01 00 00 00 10 00 00 00 00 00 00 
00 00 00 00 00 00 00 00 00 00 00 10 00 00 00 00 
00 00 00 00 00 00 00 00 00 00 00 00 00 10 00 00 
00 00 00 00 00 00 00 00 00 00 00 00 00 00 00 10 
00 00 00 00 00 00 00 00 00 00 00 00 00 00 00 DA 
^
[+00:000:091] [Conn_PHY_SIZE]	[USBC-1]  [X Dim:600mm, Y Dim:340mm]
^
[+00:000:012] [Conn_native_mode]	[USBC-1] {1920x1080@60Hz}
^
[+00:000:007] [Conn_Stereo3D_support]	[USBC-1] - Stereo3D:0
^
[+00:001:302] [Conn_Detect]	[USBC-1] DDC Display: [EDID Block 0] 

00 FF FF FF FF FF FF 00 04 69 00 00 00 00 00 00 
00 0A 01 04 A5 3C 22 78 3A A5 95 AA 54 4F A1 26 
0A 50 54 20 00 00 D1 C0 01 01 01 01 01 01 01 01 
01 01 01 01 01 01 00 00 00 10 00 00 00 00 00 00 
00 00 00 00 00 00 00 00 00 00 00 10 00 00 00 00 
00 00 00 00 00 00 00 00 00 00 00 00 00 10 00 00 
00 00 00 00 00 00 00 00 00 00 00 00 00 00 00 10 
00 00 00 00 00 00 00 00 00 00 00 00 00 00 00 DA 
^
[+00:000:019] [Conn_PHY_SIZE]	[USBC-1]  [X Dim:600mm, Y Dim:340mm]
^
[+00:000:007] [Conn_native_mode]	[USBC-1] {1920x1080@60Hz}
^
[+00:000:006] [Conn_Stereo3D_support]	[USBC-1] - Stereo3D:0
^
[+00:001:293] [Conn_Detect]	[USBC-1] DDC Display: [EDID Block 0] 

00 FF FF FF FF FF FF 00 04 69 00 00 00 00 00 00 
00 0A 01 04 A5 3C 22 78 3A A5 95 AA 54 4F A1 26 
0A 50 54 20 00 00 D1 C0 01 01 01 01 01 01 01 01 
01 01 01 01 01 01 00 00 00 10 00 00 00 00 00 00 
00 00 00 00 00 00 00 00 00 00 00 10 00 00 00 00 
00 00 00 00 00 00 00 00 00 00 00 00 00 10 00 00 
00 00 00 00 00 00 00 00 00 00 00 00 00 00 00 10 
00 00 00 00 00 00 00 00 00 00 00 00 00 00 00 DA 
^
[+00:000:019] [Conn_PHY_SIZE]	[USBC-1]  [X Dim:600mm, Y Dim:340mm]
^
[+00:000:006] [Conn_native_mode]	[USBC-1] {1920x1080@60Hz}
^
[+00:000:007] [Conn_Stereo3D_support]	[USBC-1] - Stereo3D:0
^
[+00:001:282] [Conn_Detect]	[USBC-1] DDC Display: [EDID Block 0] 

00 FF FF FF FF FF FF 00 04 69 00 00 00 00 00 00 
00 0A 01 04 A5 3C 22 78 3A A5 95 AA 54 4F A1 26 
0A 50 54 20 00 00 D1 C0 01 01 01 01 01 01 01 01 
01 01 01 01 01 01 00 00 00 10 00 00 00 00 00 00 
00 00 00 00 00 00 00 00 00 00 00 10 00 00 00 00 
00 00 00 00 00 00 00 00 00 00 00 00 00 10 00 00 
00 00 00 00 00 00 00 00 00 00 00 00 00 00 00 10 
00 00 00 00 00 00 00 00 00 00 00 00 00 00 00 DA 
^
[+00:000:018] [Conn_PHY_SIZE]	[USBC-1]  [X Dim:600mm, Y Dim:340mm]
^
[+00:000:007] [Conn_native_mode]	[USBC-1] {1920x1080@60Hz}
^
[+00:000:007] [Conn_Stereo3D_support]	[USBC-1] - Stereo3D:0
^
[+00:001:310] [Conn_Detect]	[HDMI-2] DDC Display: [EDID Block 0] 

00 FF FF FF FF FF FF 00 04 69 00 00 00 00 00 00 
00 0A 01 04 A5 3C 22 78 3A A5 95 AA 54 4F A1 26 
0A 50 54 20 00 00 D1 C0 01 01 01 01 01 01 01 01 
01 01 01 01 01 01 00 00 00 10 00 00 00 00 00 00 
00 00 00 00 00 00 00 00 00 00 00 10 00 00 00 00 
00 00 00 00 00 00 00 00 00 00 00 00 00 10 00 00 
00 00 00 00 00 00 00 00 00 00 00 00 00 00 00 10 
00 00 00 00 00 00 00 00 00 00 00 00 00 00 00 DA 
^
[+00:000:019] [Conn_PHY_SIZE]	[HDMI-2]  [X Dim:600mm, Y Dim:340mm]
^
[+00:000:007] [Conn_native_mode]	[HDMI-2] {1920x1080@60Hz}
^
[+00:000:006] [Conn_Stereo3D_support]	[HDMI-2] - Stereo3D:0
^
[+00:000:728] [Conn_Detect]	[UNKNOWN] DDC Display: [EDID Block 0] 

00 FF FF FF FF FF FF 00 04 69 00 00 00 00 00 00 
00 0A 01 04 A5 3C 22 78 3A A5 95 AA 54 4F A1 26 
0A 50 54 20 00 00 D1 C0 01 01 01 01 01 01 01 01 
01 01 01 01 01 01 00 00 00 10 00 00 00 00 00 00 
00 00 00 00 00 00 00 00 00 00 00 10 00 00 00 00 
00 00 00 00 00 00 00 00 00 00 00 00 00 10 00 00 
00 00 00 00 00 00 00 00 00 00 00 00 00 00 00 10 
00 00 00 00 00 00 00 00 00 00 00 00 00 00 00 DA 
^
[+00:000:018] [Conn_PHY_SIZE]	[UNKNOWN]  [X Dim:600mm, Y Dim:340mm]
^
[+00:000:008] [Conn_native_mode]	[UNKNOWN] {1920x1080@60Hz}
^
[+00:000:006] [Conn_Stereo3D_support]	[UNKNOWN] - Stereo3D:0
^
[+00:000:750] [Conn_Detect]	[UNKNOWN] DDC Display: [EDID Block 0] 

00 FF FF FF FF FF FF 00 04 69 00 00 00 00 00 00 
00 0A 01 04 A5 3C 22 78 3A A5 95 AA 54 4F A1 26 
0A 50 54 20 00 00 D1 C0 01 01 01 01 01 01 01 01 
01 01 01 01 01 01 00 00 00 10 00 00 00 00 00 00 
00 00 00 00 00 00 00 00 00 00 00 10 00 00 00 00 
00 00 00 00 00 00 00 00 00 00 00 00 00 10 00 00 
00 00 00 00 00 00 00 00 00 00 00 00 00 00 00 10 
00 00 00 00 00 00 00 00 00 00 00 00 00 00 00 DA 
^
[+00:000:017] [Conn_PHY_SIZE]	[UNKNOWN]  [X Dim:600mm, Y Dim:340mm]
^
[+00:000:081] [Conn_native_mode]	[UNKNOWN] {1920x1080@60Hz}
^
[+00:000:012] [Conn_Stereo3D_support]	[UNKNOWN] - Stereo3D:0
^
[+00:097:386] [Conn_Detect]	[EDP-1] DDC Display: [EDID Block 0] 

00 FF FF FF FF FF FF 00 0D AE C3 14 00 00 00 00 
13 1A 01 04 95 1F 11 78 02 7E 45 93 55 53 94 28 
23 50 54 00 00 00 01 01 01 01 01 01 01 01 01 01 
01 01 01 01 01 01 DA 1D 56 E2 50 00 20 30 44 2D 
47 00 35 AD 10 00 00 1A E7 13 56 E2 50 00 20 30 
44 2D 47 00 35 AD 10 00 00 1A 00 00 00 00 00 00 
00 00 00 00 00 00 00 00 00 00 00 00 00 00 00 02 
00 0C 44 FF 0B 3C 6E 0F 0F 1B 6E 00 00 00 00 9C 
^
[+00:000:038] [Conn_PHY_SIZE]	[EDP-1]  [X Dim:310mm, Y Dim:170mm]
^
[+00:000:009] [Conn_native_mode]	[EDP-1] {1366x768@60Hz}
^
[+00:000:009] [Conn_Stereo3D_support]	[EDP-1] - Stereo3D:0
^
[+00:023:316] [Conn_Num_Display]	 1
^
[+00:180:961] [Conn_Detect]	[EDP-1] DDC Display: [EDID Block 0] 

00 FF FF FF FF FF FF 00 0D AE C3 14 00 00 00 00 
13 1A 01 04 95 1F 11 78 02 7E 45 93 55 53 94 28 
23 50 54 00 00 00 01 01 01 01 01 01 01 01 01 01 
01 01 01 01 01 01 DA 1D 56 E2 50 00 20 30 44 2D 
47 00 35 AD 10 00 00 1A E7 13 56 E2 50 00 20 30 
44 2D 47 00 35 AD 10 00 00 1A 00 00 00 00 00 00 
00 00 00 00 00 00 00 00 00 00 00 00 00 00 00 02 
00 0C 44 FF 0B 3C 6E 0F 0F 1B 6E 00 00 00 00 9C 
00 00 00 00 00 00 00 00 00 00 00 00 00 00 00 00 
00 00 00 00 00 00 00 00 00 00 00 00 00 00 00 00 
00 00 00 00 00 00 00 00 00 00 00 00 00 00 00 00 
00 00 00 00 00 00 00 00 00 00 00 00 00 00 00 00 
00 00 00 00 00 00 00 00 00 00 00 00 00 00 00 00 
00 00 00 00 00 00 00 00 00 00 00 00 00 00 00 00 
00 00 00 00 00 00 00 00 00 00 00 00 00 00 00 00 
00 00 00 00 00 00 00 00 00 00 00 00 00 00 00 00 
^
[+00:000:058] [Conn_PHY_SIZE]	[EDP-1]  [X Dim:310mm, Y Dim:170mm]
^
[+00:000:010] [Conn_native_mode]	[EDP-1] {1366x768@60Hz}
^
[+00:000:010] [Conn_Stereo3D_support]	[EDP-1] - Stereo3D:0
^
[+00:043:008] [Conn_Mode]	[EDP-1] {1366x768, 1366x768@60:1, 1592x800@76420Khz}
^
[+00:012:942] [Conn_LKTN]	[EDP-1] HBRx1 pass VS=0, PE=0
^
*** Log File Version: 3.0 ***
[+00:000:000] [Conn_Detect]	[EDP-1] DDC Display: [EDID Block 0] 

00 FF FF FF FF FF FF 00 04 69 00 00 00 00 00 00 
00 0A 01 04 A5 3C 22 78 3A A5 95 AA 54 4F A1 26 
0A 50 54 20 00 00 D1 C0 01 01 01 01 01 01 01 01 
01 01 01 01 01 01 00 00 00 10 00 00 00 00 00 00 
00 00 00 00 00 00 00 00 00 00 00 10 00 00 00 00 
00 00 00 00 00 00 00 00 00 00 00 00 00 10 00 00 
00 00 00 00 00 00 00 00 00 00 00 00 00 00 00 10 
00 00 00 00 00 00 00 00 00 00 00 00 00 00 00 DA 
^
[+00:000:038] [Conn_PHY_SIZE]	[EDP-1]  [X Dim:600mm, Y Dim:340mm]
^
[+00:000:007] [Conn_native_mode]	[EDP-1] {1920x1080@60Hz}
^
[+00:000:007] [Conn_Stereo3D_support]	[EDP-1] - Stereo3D:0
^
[+00:001:289] [Conn_Detect]	[USBC-1] DDC Display: [EDID Block 0] 

00 FF FF FF FF FF FF 00 04 69 00 00 00 00 00 00 
00 0A 01 04 A5 3C 22 78 3A A5 95 AA 54 4F A1 26 
0A 50 54 20 00 00 D1 C0 01 01 01 01 01 01 01 01 
01 01 01 01 01 01 00 00 00 10 00 00 00 00 00 00 
00 00 00 00 00 00 00 00 00 00 00 10 00 00 00 00 
00 00 00 00 00 00 00 00 00 00 00 00 00 10 00 00 
00 00 00 00 00 00 00 00 00 00 00 00 00 00 00 10 
00 00 00 00 00 00 00 00 00 00 00 00 00 00 00 DA 
^
[+00:000:020] [Conn_PHY_SIZE]	[USBC-1]  [X Dim:600mm, Y Dim:340mm]
^
[+00:000:006] [Conn_native_mode]	[USBC-1] {1920x1080@60Hz}
^
[+00:000:007] [Conn_Stereo3D_support]	[USBC-1] - Stereo3D:0
^
[+00:001:292] [Conn_Detect]	[USBC-1] DDC Display: [EDID Block 0] 

00 FF FF FF FF FF FF 00 04 69 00 00 00 00 00 00 
00 0A 01 04 A5 3C 22 78 3A A5 95 AA 54 4F A1 26 
0A 50 54 20 00 00 D1 C0 01 01 01 01 01 01 01 01 
01 01 01 01 01 01 00 00 00 10 00 00 00 00 00 00 
00 00 00 00 00 00 00 00 00 00 00 10 00 00 00 00 
00 00 00 00 00 00 00 00 00 00 00 00 00 10 00 00 
00 00 00 00 00 00 00 00 00 00 00 00 00 00 00 10 
00 00 00 00 00 00 00 00 00 00 00 00 00 00 00 DA 
^
[+00:000:019] [Conn_PHY_SIZE]	[USBC-1]  [X Dim:600mm, Y Dim:340mm]
^
[+00:000:006] [Conn_native_mode]	[USBC-1] {1920x1080@60Hz}
^
[+00:000:007] [Conn_Stereo3D_support]	[USBC-1] - Stereo3D:0
^
[+00:001:313] [Conn_Detect]	[USBC-1] DDC Display: [EDID Block 0] 

00 FF FF FF FF FF FF 00 04 69 00 00 00 00 00 00 
00 0A 01 04 A5 3C 22 78 3A A5 95 AA 54 4F A1 26 
0A 50 54 20 00 00 D1 C0 01 01 01 01 01 01 01 01 
01 01 01 01 01 01 00 00 00 10 00 00 00 00 00 00 
00 00 00 00 00 00 00 00 00 00 00 10 00 00 00 00 
00 00 00 00 00 00 00 00 00 00 00 00 00 10 00 00 
00 00 00 00 00 00 00 00 00 00 00 00 00 00 00 10 
00 00 00 00 00 00 00 00 00 00 00 00 00 00 00 DA 
^
[+00:000:100] [Conn_PHY_SIZE]	[USBC-1]  [X Dim:600mm, Y Dim:340mm]
^
[+00:000:010] [Conn_native_mode]	[USBC-1] {1920x1080@60Hz}
^
[+00:000:006] [Conn_Stereo3D_support]	[USBC-1] - Stereo3D:0
^
[+00:001:476] [Conn_Detect]	[USBC-1] DDC Display: [EDID Block 0] 

00 FF FF FF FF FF FF 00 04 69 00 00 00 00 00 00 
00 0A 01 04 A5 3C 22 78 3A A5 95 AA 54 4F A1 26 
0A 50 54 20 00 00 D1 C0 01 01 01 01 01 01 01 01 
01 01 01 01 01 01 00 00 00 10 00 00 00 00 00 00 
00 00 00 00 00 00 00 00 00 00 00 10 00 00 00 00 
00 00 00 00 00 00 00 00 00 00 00 00 00 10 00 00 
00 00 00 00 00 00 00 00 00 00 00 00 00 00 00 10 
00 00 00 00 00 00 00 00 00 00 00 00 00 00 00 DA 
^
[+00:000:181] [Conn_PHY_SIZE]	[USBC-1]  [X Dim:600mm, Y Dim:340mm]
^
[+00:000:038] [Conn_native_mode]	[USBC-1] {1920x1080@60Hz}
^
[+00:000:008] [Conn_Stereo3D_support]	[USBC-1] - Stereo3D:0
^
[+00:001:378] [Conn_Detect]	[HDMI-2] DDC Display: [EDID Block 0] 

00 FF FF FF FF FF FF 00 04 69 00 00 00 00 00 00 
00 0A 01 04 A5 3C 22 78 3A A5 95 AA 54 4F A1 26 
0A 50 54 20 00 00 D1 C0 01 01 01 01 01 01 01 01 
01 01 01 01 01 01 00 00 00 10 00 00 00 00 00 00 
00 00 00 00 00 00 00 00 00 00 00 10 00 00 00 00 
00 00 00 00 00 00 00 00 00 00 00 00 00 10 00 00 
00 00 00 00 00 00 00 00 00 00 00 00 00 00 00 10 
00 00 00 00 00 00 00 00 00 00 00 00 00 00 00 DA 
^
[+00:000:020] [Conn_PHY_SIZE]	[HDMI-2]  [X Dim:600mm, Y Dim:340mm]
^
[+00:000:007] [Conn_native_mode]	[HDMI-2] {1920x1080@60Hz}
^
[+00:000:006] [Conn_Stereo3D_support]	[HDMI-2] - Stereo3D:0
^
[+00:000:701] [Conn_Detect]	[UNKNOWN] DDC Display: [EDID Block 0] 

00 FF FF FF FF FF FF 00 04 69 00 00 00 00 00 00 
00 0A 01 04 A5 3C 22 78 3A A5 95 AA 54 4F A1 26 
0A 50 54 20 00 00 D1 C0 01 01 01 01 01 01 01 01 
01 01 01 01 01 01 00 00 00 10 00 00 00 00 00 00 
00 00 00 00 00 00 00 00 00 00 00 10 00 00 00 00 
00 00 00 00 00 00 00 00 00 00 00 00 00 10 00 00 
00 00 00 00 00 00 00 00 00 00 00 00 00 00 00 10 
00 00 00 00 00 00 00 00 00 00 00 00 00 00 00 DA 
^
[+00:000:018] [Conn_PHY_SIZE]	[UNKNOWN]  [X Dim:600mm, Y Dim:340mm]
^
[+00:000:007] [Conn_native_mode]	[UNKNOWN] {1920x1080@60Hz}
^
[+00:000:006] [Conn_Stereo3D_support]	[UNKNOWN] - Stereo3D:0
^
[+00:000:729] [Conn_Detect]	[UNKNOWN] DDC Display: [EDID Block 0] 

00 FF FF FF FF FF FF 00 04 69 00 00 00 00 00 00 
00 0A 01 04 A5 3C 22 78 3A A5 95 AA 54 4F A1 26 
0A 50 54 20 00 00 D1 C0 01 01 01 01 01 01 01 01 
01 01 01 01 01 01 00 00 00 10 00 00 00 00 00 00 
00 00 00 00 00 00 00 00 00 00 00 10 00 00 00 00 
00 00 00 00 00 00 00 00 00 00 00 00 00 10 00 00 
00 00 00 00 00 00 00 00 00 00 00 00 00 00 00 10 
00 00 00 00 00 00 00 00 00 00 00 00 00 00 00 DA 
^
[+00:000:015] [Conn_PHY_SIZE]	[UNKNOWN]  [X Dim:600mm, Y Dim:340mm]
^
[+00:000:007] [Conn_native_mode]	[UNKNOWN] {1920x1080@60Hz}
^
[+00:000:006] [Conn_Stereo3D_support]	[UNKNOWN] - Stereo3D:0
^
[+00:098:673] [Conn_Detect]	[EDP-1] DDC Display: [EDID Block 0] 

00 FF FF FF FF FF FF 00 0D AE C3 14 00 00 00 00 
13 1A 01 04 95 1F 11 78 02 7E 45 93 55 53 94 28 
23 50 54 00 00 00 01 01 01 01 01 01 01 01 01 01 
01 01 01 01 01 01 DA 1D 56 E2 50 00 20 30 44 2D 
47 00 35 AD 10 00 00 1A E7 13 56 E2 50 00 20 30 
44 2D 47 00 35 AD 10 00 00 1A 00 00 00 00 00 00 
00 00 00 00 00 00 00 00 00 00 00 00 00 00 00 02 
00 0C 44 FF 0B 3C 6E 0F 0F 1B 6E 00 00 00 00 9C 
^
[+00:000:032] [Conn_PHY_SIZE]	[EDP-1]  [X Dim:310mm, Y Dim:170mm]
^
[+00:000:006] [Conn_native_mode]	[EDP-1] {1366x768@60Hz}
^
[+00:000:008] [Conn_Stereo3D_support]	[EDP-1] - Stereo3D:0
^
[+00:022:437] [Conn_Num_Display]	 1
^
[+00:164:041] [Conn_Detect]	[EDP-1] DDC Display: [EDID Block 0] 

00 FF FF FF FF FF FF 00 0D AE C3 14 00 00 00 00 
13 1A 01 04 95 1F 11 78 02 7E 45 93 55 53 94 28 
23 50 54 00 00 00 01 01 01 01 01 01 01 01 01 01 
01 01 01 01 01 01 DA 1D 56 E2 50 00 20 30 44 2D 
47 00 35 AD 10 00 00 1A E7 13 56 E2 50 00 20 30 
44 2D 47 00 35 AD 10 00 00 1A 00 00 00 00 00 00 
00 00 00 00 00 00 00 00 00 00 00 00 00 00 00 02 
00 0C 44 FF 0B 3C 6E 0F 0F 1B 6E 00 00 00 00 9C 
00 00 00 00 00 00 00 00 00 00 00 00 00 00 00 00 
00 00 00 00 00 00 00 00 00 00 00 00 00 00 00 00 
00 00 00 00 00 00 00 00 00 00 00 00 00 00 00 00 
00 00 00 00 00 00 00 00 00 00 00 00 00 00 00 00 
00 00 00 00 00 00 00 00 00 00 00 00 00 00 00 00 
00 00 00 00 00 00 00 00 00 00 00 00 00 00 00 00 
00 00 00 00 00 00 00 00 00 00 00 00 00 00 00 00 
00 00 00 00 00 00 00 00 00 00 00 00 00 00 00 00 
^
[+00:000:109] [Conn_PHY_SIZE]	[EDP-1]  [X Dim:310mm, Y Dim:170mm]
^
[+00:000:011] [Conn_native_mode]	[EDP-1] {1366x768@60Hz}
^
[+00:000:007] [Conn_Stereo3D_support]	[EDP-1] - Stereo3D:0
^
[+00:037:705] [Conn_Mode]	[EDP-1] {1366x768, 1366x768@60:1, 1592x800@76420Khz}
^
[+00:004:738] [Conn_LKTN]	[EDP-1] HBRx1 pass VS=0, PE=0
^
*** Log File Version: 3.0 ***
[+00:000:000] [Conn_Detect]	[EDP-1] DDC Display: [EDID Block 0] 

00 FF FF FF FF FF FF 00 04 69 00 00 00 00 00 00 
00 0A 01 04 A5 3C 22 78 3A A5 95 AA 54 4F A1 26 
0A 50 54 20 00 00 D1 C0 01 01 01 01 01 01 01 01 
01 01 01 01 01 01 00 00 00 10 00 00 00 00 00 00 
00 00 00 00 00 00 00 00 00 00 00 10 00 00 00 00 
00 00 00 00 00 00 00 00 00 00 00 00 00 10 00 00 
00 00 00 00 00 00 00 00 00 00 00 00 00 00 00 10 
00 00 00 00 00 00 00 00 00 00 00 00 00 00 00 DA 
^
[+00:000:035] [Conn_PHY_SIZE]	[EDP-1]  [X Dim:600mm, Y Dim:340mm]
^
[+00:000:007] [Conn_native_mode]	[EDP-1] {1920x1080@60Hz}
^
[+00:000:007] [Conn_Stereo3D_support]	[EDP-1] - Stereo3D:0
^
[+00:001:256] [Conn_Detect]	[USBC-1] DDC Display: [EDID Block 0] 

00 FF FF FF FF FF FF 00 04 69 00 00 00 00 00 00 
00 0A 01 04 A5 3C 22 78 3A A5 95 AA 54 4F A1 26 
0A 50 54 20 00 00 D1 C0 01 01 01 01 01 01 01 01 
01 01 01 01 01 01 00 00 00 10 00 00 00 00 00 00 
00 00 00 00 00 00 00 00 00 00 00 10 00 00 00 00 
00 00 00 00 00 00 00 00 00 00 00 00 00 10 00 00 
00 00 00 00 00 00 00 00 00 00 00 00 00 00 00 10 
00 00 00 00 00 00 00 00 00 00 00 00 00 00 00 DA 
^
[+00:000:021] [Conn_PHY_SIZE]	[USBC-1]  [X Dim:600mm, Y Dim:340mm]
^
[+00:000:006] [Conn_native_mode]	[USBC-1] {1920x1080@60Hz}
^
[+00:000:006] [Conn_Stereo3D_support]	[USBC-1] - Stereo3D:0
^
[+00:001:272] [Conn_Detect]	[USBC-1] DDC Display: [EDID Block 0] 

00 FF FF FF FF FF FF 00 04 69 00 00 00 00 00 00 
00 0A 01 04 A5 3C 22 78 3A A5 95 AA 54 4F A1 26 
0A 50 54 20 00 00 D1 C0 01 01 01 01 01 01 01 01 
01 01 01 01 01 01 00 00 00 10 00 00 00 00 00 00 
00 00 00 00 00 00 00 00 00 00 00 10 00 00 00 00 
00 00 00 00 00 00 00 00 00 00 00 00 00 10 00 00 
00 00 00 00 00 00 00 00 00 00 00 00 00 00 00 10 
00 00 00 00 00 00 00 00 00 00 00 00 00 00 00 DA 
^
[+00:000:017] [Conn_PHY_SIZE]	[USBC-1]  [X Dim:600mm, Y Dim:340mm]
^
[+00:000:007] [Conn_native_mode]	[USBC-1] {1920x1080@60Hz}
^
[+00:000:006] [Conn_Stereo3D_support]	[USBC-1] - Stereo3D:0
^
[+00:001:244] [Conn_Detect]	[USBC-1] DDC Display: [EDID Block 0] 

00 FF FF FF FF FF FF 00 04 69 00 00 00 00 00 00 
00 0A 01 04 A5 3C 22 78 3A A5 95 AA 54 4F A1 26 
0A 50 54 20 00 00 D1 C0 01 01 01 01 01 01 01 01 
01 01 01 01 01 01 00 00 00 10 00 00 00 00 00 00 
00 00 00 00 00 00 00 00 00 00 00 10 00 00 00 00 
00 00 00 00 00 00 00 00 00 00 00 00 00 10 00 00 
00 00 00 00 00 00 00 00 00 00 00 00 00 00 00 10 
00 00 00 00 00 00 00 00 00 00 00 00 00 00 00 DA 
^
[+00:000:018] [Conn_PHY_SIZE]	[USBC-1]  [X Dim:600mm, Y Dim:340mm]
^
[+00:000:006] [Conn_native_mode]	[USBC-1] {1920x1080@60Hz}
^
[+00:000:006] [Conn_Stereo3D_support]	[USBC-1] - Stereo3D:0
^
[+00:001:263] [Conn_Detect]	[USBC-1] DDC Display: [EDID Block 0] 

00 FF FF FF FF FF FF 00 04 69 00 00 00 00 00 00 
00 0A 01 04 A5 3C 22 78 3A A5 95 AA 54 4F A1 26 
0A 50 54 20 00 00 D1 C0 01 01 01 01 01 01 01 01 
01 01 01 01 01 01 00 00 00 10 00 00 00 00 00 00 
00 00 00 00 00 00 00 00 00 00 00 10 00 00 00 00 
00 00 00 00 00 00 00 00 00 00 00 00 00 10 00 00 
00 00 00 00 00 00 00 00 00 00 00 00 00 00 00 10 
00 00 00 00 00 00 00 00 00 00 00 00 00 00 00 DA 
^
[+00:000:100] [Conn_PHY_SIZE]	[USBC-1]  [X Dim:600mm, Y Dim:340mm]
^
[+00:000:009] [Conn_native_mode]	[USBC-1] {1920x1080@60Hz}
^
[+00:000:007] [Conn_Stereo3D_support]	[USBC-1] - Stereo3D:0
^
[+00:001:352] [Conn_Detect]	[HDMI-2] DDC Display: [EDID Block 0] 

00 FF FF FF FF FF FF 00 04 69 00 00 00 00 00 00 
00 0A 01 04 A5 3C 22 78 3A A5 95 AA 54 4F A1 26 
0A 50 54 20 00 00 D1 C0 01 01 01 01 01 01 01 01 
01 01 01 01 01 01 00 00 00 10 00 00 00 00 00 00 
00 00 00 00 00 00 00 00 00 00 00 10 00 00 00 00 
00 00 00 00 00 00 00 00 00 00 00 00 00 10 00 00 
00 00 00 00 00 00 00 00 00 00 00 00 00 00 00 10 
00 00 00 00 00 00 00 00 00 00 00 00 00 00 00 DA 
^
[+00:000:019] [Conn_PHY_SIZE]	[HDMI-2]  [X Dim:600mm, Y Dim:340mm]
^
[+00:000:007] [Conn_native_mode]	[HDMI-2] {1920x1080@60Hz}
^
[+00:000:007] [Conn_Stereo3D_support]	[HDMI-2] - Stereo3D:0
^
[+00:000:704] [Conn_Detect]	[UNKNOWN] DDC Display: [EDID Block 0] 

00 FF FF FF FF FF FF 00 04 69 00 00 00 00 00 00 
00 0A 01 04 A5 3C 22 78 3A A5 95 AA 54 4F A1 26 
0A 50 54 20 00 00 D1 C0 01 01 01 01 01 01 01 01 
01 01 01 01 01 01 00 00 00 10 00 00 00 00 00 00 
00 00 00 00 00 00 00 00 00 00 00 10 00 00 00 00 
00 00 00 00 00 00 00 00 00 00 00 00 00 10 00 00 
00 00 00 00 00 00 00 00 00 00 00 00 00 00 00 10 
00 00 00 00 00 00 00 00 00 00 00 00 00 00 00 DA 
^
[+00:000:017] [Conn_PHY_SIZE]	[UNKNOWN]  [X Dim:600mm, Y Dim:340mm]
^
[+00:000:007] [Conn_native_mode]	[UNKNOWN] {1920x1080@60Hz}
^
[+00:000:006] [Conn_Stereo3D_support]	[UNKNOWN] - Stereo3D:0
^
[+00:000:713] [Conn_Detect]	[UNKNOWN] DDC Display: [EDID Block 0] 

00 FF FF FF FF FF FF 00 04 69 00 00 00 00 00 00 
00 0A 01 04 A5 3C 22 78 3A A5 95 AA 54 4F A1 26 
0A 50 54 20 00 00 D1 C0 01 01 01 01 01 01 01 01 
01 01 01 01 01 01 00 00 00 10 00 00 00 00 00 00 
00 00 00 00 00 00 00 00 00 00 00 10 00 00 00 00 
00 00 00 00 00 00 00 00 00 00 00 00 00 10 00 00 
00 00 00 00 00 00 00 00 00 00 00 00 00 00 00 10 
00 00 00 00 00 00 00 00 00 00 00 00 00 00 00 DA 
^
[+00:000:017] [Conn_PHY_SIZE]	[UNKNOWN]  [X Dim:600mm, Y Dim:340mm]
^
[+00:000:006] [Conn_native_mode]	[UNKNOWN] {1920x1080@60Hz}
^
[+00:000:006] [Conn_Stereo3D_support]	[UNKNOWN] - Stereo3D:0
^
[+00:087:858] [Conn_Detect]	[EDP-1] DDC Display: [EDID Block 0] 

00 FF FF FF FF FF FF 00 0D AE C3 14 00 00 00 00 
13 1A 01 04 95 1F 11 78 02 7E 45 93 55 53 94 28 
23 50 54 00 00 00 01 01 01 01 01 01 01 01 01 01 
01 01 01 01 01 01 DA 1D 56 E2 50 00 20 30 44 2D 
47 00 35 AD 10 00 00 1A E7 13 56 E2 50 00 20 30 
44 2D 47 00 35 AD 10 00 00 1A 00 00 00 00 00 00 
00 00 00 00 00 00 00 00 00 00 00 00 00 00 00 02 
00 0C 44 FF 0B 3C 6E 0F 0F 1B 6E 00 00 00 00 9C 
^
[+00:000:025] [Conn_PHY_SIZE]	[EDP-1]  [X Dim:310mm, Y Dim:170mm]
^
[+00:000:007] [Conn_native_mode]	[EDP-1] {1366x768@60Hz}
^
[+00:000:006] [Conn_Stereo3D_support]	[EDP-1] - Stereo3D:0
^
[+00:023:226] [Conn_Num_Display]	 1
^
[+00:165:101] [Conn_Detect]	[EDP-1] DDC Display: [EDID Block 0] 

00 FF FF FF FF FF FF 00 0D AE C3 14 00 00 00 00 
13 1A 01 04 95 1F 11 78 02 7E 45 93 55 53 94 28 
23 50 54 00 00 00 01 01 01 01 01 01 01 01 01 01 
01 01 01 01 01 01 DA 1D 56 E2 50 00 20 30 44 2D 
47 00 35 AD 10 00 00 1A E7 13 56 E2 50 00 20 30 
44 2D 47 00 35 AD 10 00 00 1A 00 00 00 00 00 00 
00 00 00 00 00 00 00 00 00 00 00 00 00 00 00 02 
00 0C 44 FF 0B 3C 6E 0F 0F 1B 6E 00 00 00 00 9C 
00 00 00 00 00 00 00 00 00 00 00 00 00 00 00 00 
00 00 00 00 00 00 00 00 00 00 00 00 00 00 00 00 
00 00 00 00 00 00 00 00 00 00 00 00 00 00 00 00 
00 00 00 00 00 00 00 00 00 00 00 00 00 00 00 00 
00 00 00 00 00 00 00 00 00 00 00 00 00 00 00 00 
00 00 00 00 00 00 00 00 00 00 00 00 00 00 00 00 
00 00 00 00 00 00 00 00 00 00 00 00 00 00 00 00 
00 00 00 00 00 00 00 00 00 00 00 00 00 00 00 00 
^
[+00:000:057] [Conn_PHY_SIZE]	[EDP-1]  [X Dim:310mm, Y Dim:170mm]
^
[+00:000:009] [Conn_native_mode]	[EDP-1] {1366x768@60Hz}
^
[+00:000:009] [Conn_Stereo3D_support]	[EDP-1] - Stereo3D:0
^
[+00:041:027] [Conn_Mode]	[EDP-1] {1366x768, 1366x768@60:1, 1592x800@76420Khz}
^
[+00:015:875] [Conn_LKTN]	[EDP-1] HBRx1 pass VS=0, PE=0
^
*** Log File Version: 3.0 ***
[+00:000:000] [Conn_Detect]	[EDP-1] DDC Display: [EDID Block 0] 

00 FF FF FF FF FF FF 00 04 69 00 00 00 00 00 00 
00 0A 01 04 A5 3C 22 78 3A A5 95 AA 54 4F A1 26 
0A 50 54 20 00 00 D1 C0 01 01 01 01 01 01 01 01 
01 01 01 01 01 01 00 00 00 10 00 00 00 00 00 00 
00 00 00 00 00 00 00 00 00 00 00 10 00 00 00 00 
00 00 00 00 00 00 00 00 00 00 00 00 00 10 00 00 
00 00 00 00 00 00 00 00 00 00 00 00 00 00 00 10 
00 00 00 00 00 00 00 00 00 00 00 00 00 00 00 DA 
^
[+00:000:038] [Conn_PHY_SIZE]	[EDP-1]  [X Dim:600mm, Y Dim:340mm]
^
[+00:000:008] [Conn_native_mode]	[EDP-1] {1920x1080@60Hz}
^
[+00:000:007] [Conn_Stereo3D_support]	[EDP-1] - Stereo3D:0
^
[+00:001:281] [Conn_Detect]	[USBC-1] DDC Display: [EDID Block 0] 

00 FF FF FF FF FF FF 00 04 69 00 00 00 00 00 00 
00 0A 01 04 A5 3C 22 78 3A A5 95 AA 54 4F A1 26 
0A 50 54 20 00 00 D1 C0 01 01 01 01 01 01 01 01 
01 01 01 01 01 01 00 00 00 10 00 00 00 00 00 00 
00 00 00 00 00 00 00 00 00 00 00 10 00 00 00 00 
00 00 00 00 00 00 00 00 00 00 00 00 00 10 00 00 
00 00 00 00 00 00 00 00 00 00 00 00 00 00 00 10 
00 00 00 00 00 00 00 00 00 00 00 00 00 00 00 DA 
^
[+00:000:019] [Conn_PHY_SIZE]	[USBC-1]  [X Dim:600mm, Y Dim:340mm]
^
[+00:000:006] [Conn_native_mode]	[USBC-1] {1920x1080@60Hz}
^
[+00:000:007] [Conn_Stereo3D_support]	[USBC-1] - Stereo3D:0
^
[+00:001:290] [Conn_Detect]	[USBC-1] DDC Display: [EDID Block 0] 

00 FF FF FF FF FF FF 00 04 69 00 00 00 00 00 00 
00 0A 01 04 A5 3C 22 78 3A A5 95 AA 54 4F A1 26 
0A 50 54 20 00 00 D1 C0 01 01 01 01 01 01 01 01 
01 01 01 01 01 01 00 00 00 10 00 00 00 00 00 00 
00 00 00 00 00 00 00 00 00 00 00 10 00 00 00 00 
00 00 00 00 00 00 00 00 00 00 00 00 00 10 00 00 
00 00 00 00 00 00 00 00 00 00 00 00 00 00 00 10 
00 00 00 00 00 00 00 00 00 00 00 00 00 00 00 DA 
^
[+00:000:018] [Conn_PHY_SIZE]	[USBC-1]  [X Dim:600mm, Y Dim:340mm]
^
[+00:000:007] [Conn_native_mode]	[USBC-1] {1920x1080@60Hz}
^
[+00:000:007] [Conn_Stereo3D_support]	[USBC-1] - Stereo3D:0
^
[+00:001:268] [Conn_Detect]	[USBC-1] DDC Display: [EDID Block 0] 

00 FF FF FF FF FF FF 00 04 69 00 00 00 00 00 00 
00 0A 01 04 A5 3C 22 78 3A A5 95 AA 54 4F A1 26 
0A 50 54 20 00 00 D1 C0 01 01 01 01 01 01 01 01 
01 01 01 01 01 01 00 00 00 10 00 00 00 00 00 00 
00 00 00 00 00 00 00 00 00 00 00 10 00 00 00 00 
00 00 00 00 00 00 00 00 00 00 00 00 00 10 00 00 
00 00 00 00 00 00 00 00 00 00 00 00 00 00 00 10 
00 00 00 00 00 00 00 00 00 00 00 00 00 00 00 DA 
^
[+00:000:018] [Conn_PHY_SIZE]	[USBC-1]  [X Dim:600mm, Y Dim:340mm]
^
[+00:000:007] [Conn_native_mode]	[USBC-1] {1920x1080@60Hz}
^
[+00:000:006] [Conn_Stereo3D_support]	[USBC-1] - Stereo3D:0
^
[+00:001:297] [Conn_Detect]	[USBC-1] DDC Display: [EDID Block 0] 

00 FF FF FF FF FF FF 00 04 69 00 00 00 00 00 00 
00 0A 01 04 A5 3C 22 78 3A A5 95 AA 54 4F A1 26 
0A 50 54 20 00 00 D1 C0 01 01 01 01 01 01 01 01 
01 01 01 01 01 01 00 00 00 10 00 00 00 00 00 00 
00 00 00 00 00 00 00 00 00 00 00 10 00 00 00 00 
00 00 00 00 00 00 00 00 00 00 00 00 00 10 00 00 
00 00 00 00 00 00 00 00 00 00 00 00 00 00 00 10 
00 00 00 00 00 00 00 00 00 00 00 00 00 00 00 DA 
^
[+00:000:018] [Conn_PHY_SIZE]	[USBC-1]  [X Dim:600mm, Y Dim:340mm]
^
[+00:000:007] [Conn_native_mode]	[USBC-1] {1920x1080@60Hz}
^
[+00:000:006] [Conn_Stereo3D_support]	[USBC-1] - Stereo3D:0
^
[+00:001:346] [Conn_Detect]	[HDMI-2] DDC Display: [EDID Block 0] 

00 FF FF FF FF FF FF 00 04 69 00 00 00 00 00 00 
00 0A 01 04 A5 3C 22 78 3A A5 95 AA 54 4F A1 26 
0A 50 54 20 00 00 D1 C0 01 01 01 01 01 01 01 01 
01 01 01 01 01 01 00 00 00 10 00 00 00 00 00 00 
00 00 00 00 00 00 00 00 00 00 00 10 00 00 00 00 
00 00 00 00 00 00 00 00 00 00 00 00 00 10 00 00 
00 00 00 00 00 00 00 00 00 00 00 00 00 00 00 10 
00 00 00 00 00 00 00 00 00 00 00 00 00 00 00 DA 
^
[+00:000:018] [Conn_PHY_SIZE]	[HDMI-2]  [X Dim:600mm, Y Dim:340mm]
^
[+00:000:007] [Conn_native_mode]	[HDMI-2] {1920x1080@60Hz}
^
[+00:000:006] [Conn_Stereo3D_support]	[HDMI-2] - Stereo3D:0
^
[+00:000:741] [Conn_Detect]	[UNKNOWN] DDC Display: [EDID Block 0] 

00 FF FF FF FF FF FF 00 04 69 00 00 00 00 00 00 
00 0A 01 04 A5 3C 22 78 3A A5 95 AA 54 4F A1 26 
0A 50 54 20 00 00 D1 C0 01 01 01 01 01 01 01 01 
01 01 01 01 01 01 00 00 00 10 00 00 00 00 00 00 
00 00 00 00 00 00 00 00 00 00 00 10 00 00 00 00 
00 00 00 00 00 00 00 00 00 00 00 00 00 10 00 00 
00 00 00 00 00 00 00 00 00 00 00 00 00 00 00 10 
00 00 00 00 00 00 00 00 00 00 00 00 00 00 00 DA 
^
[+00:000:092] [Conn_PHY_SIZE]	[UNKNOWN]  [X Dim:600mm, Y Dim:340mm]
^
[+00:000:012] [Conn_native_mode]	[UNKNOWN] {1920x1080@60Hz}
^
[+00:000:006] [Conn_Stereo3D_support]	[UNKNOWN] - Stereo3D:0
^
[+00:000:748] [Conn_Detect]	[UNKNOWN] DDC Display: [EDID Block 0] 

00 FF FF FF FF FF FF 00 04 69 00 00 00 00 00 00 
00 0A 01 04 A5 3C 22 78 3A A5 95 AA 54 4F A1 26 
0A 50 54 20 00 00 D1 C0 01 01 01 01 01 01 01 01 
01 01 01 01 01 01 00 00 00 10 00 00 00 00 00 00 
00 00 00 00 00 00 00 00 00 00 00 10 00 00 00 00 
00 00 00 00 00 00 00 00 00 00 00 00 00 10 00 00 
00 00 00 00 00 00 00 00 00 00 00 00 00 00 00 10 
00 00 00 00 00 00 00 00 00 00 00 00 00 00 00 DA 
^
[+00:000:018] [Conn_PHY_SIZE]	[UNKNOWN]  [X Dim:600mm, Y Dim:340mm]
^
[+00:000:006] [Conn_native_mode]	[UNKNOWN] {1920x1080@60Hz}
^
[+00:000:007] [Conn_Stereo3D_support]	[UNKNOWN] - Stereo3D:0
^
[+00:086:295] [Conn_Detect]	[EDP-1] DDC Display: [EDID Block 0] 

00 FF FF FF FF FF FF 00 0D AE C3 14 00 00 00 00 
13 1A 01 04 95 1F 11 78 02 7E 45 93 55 53 94 28 
23 50 54 00 00 00 01 01 01 01 01 01 01 01 01 01 
01 01 01 01 01 01 DA 1D 56 E2 50 00 20 30 44 2D 
47 00 35 AD 10 00 00 1A E7 13 56 E2 50 00 20 30 
44 2D 47 00 35 AD 10 00 00 1A 00 00 00 00 00 00 
00 00 00 00 00 00 00 00 00 00 00 00 00 00 00 02 
00 0C 44 FF 0B 3C 6E 0F 0F 1B 6E 00 00 00 00 9C 
^
[+00:000:028] [Conn_PHY_SIZE]	[EDP-1]  [X Dim:310mm, Y Dim:170mm]
^
[+00:000:006] [Conn_native_mode]	[EDP-1] {1366x768@60Hz}
^
[+00:000:006] [Conn_Stereo3D_support]	[EDP-1] - Stereo3D:0
^
[+00:023:175] [Conn_Num_Display]	 1
^
[+00:147:706] [Conn_Detect]	[EDP-1] DDC Display: [EDID Block 0] 

00 FF FF FF FF FF FF 00 0D AE C3 14 00 00 00 00 
13 1A 01 04 95 1F 11 78 02 7E 45 93 55 53 94 28 
23 50 54 00 00 00 01 01 01 01 01 01 01 01 01 01 
01 01 01 01 01 01 DA 1D 56 E2 50 00 20 30 44 2D 
47 00 35 AD 10 00 00 1A E7 13 56 E2 50 00 20 30 
44 2D 47 00 35 AD 10 00 00 1A 00 00 00 00 00 00 
00 00 00 00 00 00 00 00 00 00 00 00 00 00 00 02 
00 0C 44 FF 0B 3C 6E 0F 0F 1B 6E 00 00 00 00 9C 
00 00 00 00 00 00 00 00 00 00 00 00 00 00 00 00 
00 00 00 00 00 00 00 00 00 00 00 00 00 00 00 00 
00 00 00 00 00 00 00 00 00 00 00 00 00 00 00 00 
00 00 00 00 00 00 00 00 00 00 00 00 00 00 00 00 
00 00 00 00 00 00 00 00 00 00 00 00 00 00 00 00 
00 00 00 00 00 00 00 00 00 00 00 00 00 00 00 00 
00 00 00 00 00 00 00 00 00 00 00 00 00 00 00 00 
00 00 00 00 00 00 00 00 00 00 00 00 00 00 00 00 
^
[+00:000:039] [Conn_PHY_SIZE]	[EDP-1]  [X Dim:310mm, Y Dim:170mm]
^
[+00:000:007] [Conn_native_mode]	[EDP-1] {1366x768@60Hz}
^
[+00:000:006] [Conn_Stereo3D_support]	[EDP-1] - Stereo3D:0
^
[+00:038:939] [Conn_Mode]	[EDP-1] {1366x768, 1366x768@60:1, 1592x800@76420Khz}
^
[+00:018:933] [Conn_LKTN]	[EDP-1] HBRx1 pass VS=0, PE=0
^
*** Log File Version: 3.0 ***
[+00:000:000] [Conn_Detect]	[EDP-1] DDC Display: [EDID Block 0] 

00 FF FF FF FF FF FF 00 04 69 00 00 00 00 00 00 
00 0A 01 04 A5 3C 22 78 3A A5 95 AA 54 4F A1 26 
0A 50 54 20 00 00 D1 C0 01 01 01 01 01 01 01 01 
01 01 01 01 01 01 00 00 00 10 00 00 00 00 00 00 
00 00 00 00 00 00 00 00 00 00 00 10 00 00 00 00 
00 00 00 00 00 00 00 00 00 00 00 00 00 10 00 00 
00 00 00 00 00 00 00 00 00 00 00 00 00 00 00 10 
00 00 00 00 00 00 00 00 00 00 00 00 00 00 00 DA 
^
[+00:000:074] [Conn_PHY_SIZE]	[EDP-1]  [X Dim:600mm, Y Dim:340mm]
^
[+00:000:013] [Conn_native_mode]	[EDP-1] {1920x1080@60Hz}
^
[+00:000:012] [Conn_Stereo3D_support]	[EDP-1] - Stereo3D:0
^
[+00:001:996] [Conn_Detect]	[USBC-1] DDC Display: [EDID Block 0] 

00 FF FF FF FF FF FF 00 04 69 00 00 00 00 00 00 
00 0A 01 04 A5 3C 22 78 3A A5 95 AA 54 4F A1 26 
0A 50 54 20 00 00 D1 C0 01 01 01 01 01 01 01 01 
01 01 01 01 01 01 00 00 00 10 00 00 00 00 00 00 
00 00 00 00 00 00 00 00 00 00 00 10 00 00 00 00 
00 00 00 00 00 00 00 00 00 00 00 00 00 10 00 00 
00 00 00 00 00 00 00 00 00 00 00 00 00 00 00 10 
00 00 00 00 00 00 00 00 00 00 00 00 00 00 00 DA 
^
[+00:000:263] [Conn_PHY_SIZE]	[USBC-1]  [X Dim:600mm, Y Dim:340mm]
^
[+00:000:020] [Conn_native_mode]	[USBC-1] {1920x1080@60Hz}
^
[+00:000:012] [Conn_Stereo3D_support]	[USBC-1] - Stereo3D:0
^
[+00:002:002] [Conn_Detect]	[USBC-1] DDC Display: [EDID Block 0] 

00 FF FF FF FF FF FF 00 04 69 00 00 00 00 00 00 
00 0A 01 04 A5 3C 22 78 3A A5 95 AA 54 4F A1 26 
0A 50 54 20 00 00 D1 C0 01 01 01 01 01 01 01 01 
01 01 01 01 01 01 00 00 00 10 00 00 00 00 00 00 
00 00 00 00 00 00 00 00 00 00 00 10 00 00 00 00 
00 00 00 00 00 00 00 00 00 00 00 00 00 10 00 00 
00 00 00 00 00 00 00 00 00 00 00 00 00 00 00 10 
00 00 00 00 00 00 00 00 00 00 00 00 00 00 00 DA 
^
[+00:000:030] [Conn_PHY_SIZE]	[USBC-1]  [X Dim:600mm, Y Dim:340mm]
^
[+00:000:011] [Conn_native_mode]	[USBC-1] {1920x1080@60Hz}
^
[+00:000:010] [Conn_Stereo3D_support]	[USBC-1] - Stereo3D:0
^
[+00:001:933] [Conn_Detect]	[USBC-1] DDC Display: [EDID Block 0] 

00 FF FF FF FF FF FF 00 04 69 00 00 00 00 00 00 
00 0A 01 04 A5 3C 22 78 3A A5 95 AA 54 4F A1 26 
0A 50 54 20 00 00 D1 C0 01 01 01 01 01 01 01 01 
01 01 01 01 01 01 00 00 00 10 00 00 00 00 00 00 
00 00 00 00 00 00 00 00 00 00 00 10 00 00 00 00 
00 00 00 00 00 00 00 00 00 00 00 00 00 10 00 00 
00 00 00 00 00 00 00 00 00 00 00 00 00 00 00 10 
00 00 00 00 00 00 00 00 00 00 00 00 00 00 00 DA 
^
[+00:000:029] [Conn_PHY_SIZE]	[USBC-1]  [X Dim:600mm, Y Dim:340mm]
^
[+00:000:011] [Conn_native_mode]	[USBC-1] {1920x1080@60Hz}
^
[+00:000:011] [Conn_Stereo3D_support]	[USBC-1] - Stereo3D:0
^
[+00:001:957] [Conn_Detect]	[USBC-1] DDC Display: [EDID Block 0] 

00 FF FF FF FF FF FF 00 04 69 00 00 00 00 00 00 
00 0A 01 04 A5 3C 22 78 3A A5 95 AA 54 4F A1 26 
0A 50 54 20 00 00 D1 C0 01 01 01 01 01 01 01 01 
01 01 01 01 01 01 00 00 00 10 00 00 00 00 00 00 
00 00 00 00 00 00 00 00 00 00 00 10 00 00 00 00 
00 00 00 00 00 00 00 00 00 00 00 00 00 10 00 00 
00 00 00 00 00 00 00 00 00 00 00 00 00 00 00 10 
00 00 00 00 00 00 00 00 00 00 00 00 00 00 00 DA 
^
[+00:000:029] [Conn_PHY_SIZE]	[USBC-1]  [X Dim:600mm, Y Dim:340mm]
^
[+00:000:011] [Conn_native_mode]	[USBC-1] {1920x1080@60Hz}
^
[+00:000:011] [Conn_Stereo3D_support]	[USBC-1] - Stereo3D:0
^
[+00:002:037] [Conn_Detect]	[HDMI-2] DDC Display: [EDID Block 0] 

00 FF FF FF FF FF FF 00 04 69 00 00 00 00 00 00 
00 0A 01 04 A5 3C 22 78 3A A5 95 AA 54 4F A1 26 
0A 50 54 20 00 00 D1 C0 01 01 01 01 01 01 01 01 
01 01 01 01 01 01 00 00 00 10 00 00 00 00 00 00 
00 00 00 00 00 00 00 00 00 00 00 10 00 00 00 00 
00 00 00 00 00 00 00 00 00 00 00 00 00 10 00 00 
00 00 00 00 00 00 00 00 00 00 00 00 00 00 00 10 
00 00 00 00 00 00 00 00 00 00 00 00 00 00 00 DA 
^
[+00:000:028] [Conn_PHY_SIZE]	[HDMI-2]  [X Dim:600mm, Y Dim:340mm]
^
[+00:000:012] [Conn_native_mode]	[HDMI-2] {1920x1080@60Hz}
^
[+00:000:010] [Conn_Stereo3D_support]	[HDMI-2] - Stereo3D:0
^
[+00:001:156] [Conn_Detect]	[UNKNOWN] DDC Display: [EDID Block 0] 

00 FF FF FF FF FF FF 00 04 69 00 00 00 00 00 00 
00 0A 01 04 A5 3C 22 78 3A A5 95 AA 54 4F A1 26 
0A 50 54 20 00 00 D1 C0 01 01 01 01 01 01 01 01 
01 01 01 01 01 01 00 00 00 10 00 00 00 00 00 00 
00 00 00 00 00 00 00 00 00 00 00 10 00 00 00 00 
00 00 00 00 00 00 00 00 00 00 00 00 00 10 00 00 
00 00 00 00 00 00 00 00 00 00 00 00 00 00 00 10 
00 00 00 00 00 00 00 00 00 00 00 00 00 00 00 DA 
^
[+00:000:030] [Conn_PHY_SIZE]	[UNKNOWN]  [X Dim:600mm, Y Dim:340mm]
^
[+00:000:011] [Conn_native_mode]	[UNKNOWN] {1920x1080@60Hz}
^
[+00:000:011] [Conn_Stereo3D_support]	[UNKNOWN] - Stereo3D:0
^
[+00:001:146] [Conn_Detect]	[UNKNOWN] DDC Display: [EDID Block 0] 

00 FF FF FF FF FF FF 00 04 69 00 00 00 00 00 00 
00 0A 01 04 A5 3C 22 78 3A A5 95 AA 54 4F A1 26 
0A 50 54 20 00 00 D1 C0 01 01 01 01 01 01 01 01 
01 01 01 01 01 01 00 00 00 10 00 00 00 00 00 00 
00 00 00 00 00 00 00 00 00 00 00 10 00 00 00 00 
00 00 00 00 00 00 00 00 00 00 00 00 00 10 00 00 
00 00 00 00 00 00 00 00 00 00 00 00 00 00 00 10 
00 00 00 00 00 00 00 00 00 00 00 00 00 00 00 DA 
^
[+00:000:027] [Conn_PHY_SIZE]	[UNKNOWN]  [X Dim:600mm, Y Dim:340mm]
^
[+00:000:161] [Conn_native_mode]	[UNKNOWN] {1920x1080@60Hz}
^
[+00:000:022] [Conn_Stereo3D_support]	[UNKNOWN] - Stereo3D:0
^
[+00:101:446] [Conn_Detect]	[EDP-1] DDC Display: [EDID Block 0] 

00 FF FF FF FF FF FF 00 0D AE C3 14 00 00 00 00 
13 1A 01 04 95 1F 11 78 02 7E 45 93 55 53 94 28 
23 50 54 00 00 00 01 01 01 01 01 01 01 01 01 01 
01 01 01 01 01 01 DA 1D 56 E2 50 00 20 30 44 2D 
47 00 35 AD 10 00 00 1A E7 13 56 E2 50 00 20 30 
44 2D 47 00 35 AD 10 00 00 1A 00 00 00 00 00 00 
00 00 00 00 00 00 00 00 00 00 00 00 00 00 00 02 
00 0C 44 FF 0B 3C 6E 0F 0F 1B 6E 00 00 00 00 9C 
^
[+00:000:045] [Conn_PHY_SIZE]	[EDP-1]  [X Dim:310mm, Y Dim:170mm]
^
[+00:000:012] [Conn_native_mode]	[EDP-1] {1366x768@60Hz}
^
[+00:000:011] [Conn_Stereo3D_support]	[EDP-1] - Stereo3D:0
^
[+00:028:238] [Conn_Num_Display]	 1
^
[+00:211:394] [Conn_Detect]	[EDP-1] DDC Display: [EDID Block 0] 

00 FF FF FF FF FF FF 00 0D AE C3 14 00 00 00 00 
13 1A 01 04 95 1F 11 78 02 7E 45 93 55 53 94 28 
23 50 54 00 00 00 01 01 01 01 01 01 01 01 01 01 
01 01 01 01 01 01 DA 1D 56 E2 50 00 20 30 44 2D 
47 00 35 AD 10 00 00 1A E7 13 56 E2 50 00 20 30 
44 2D 47 00 35 AD 10 00 00 1A 00 00 00 00 00 00 
00 00 00 00 00 00 00 00 00 00 00 00 00 00 00 02 
00 0C 44 FF 0B 3C 6E 0F 0F 1B 6E 00 00 00 00 9C 
00 00 00 00 00 00 00 00 00 00 00 00 00 00 00 00 
00 00 00 00 00 00 00 00 00 00 00 00 00 00 00 00 
00 00 00 00 00 00 00 00 00 00 00 00 00 00 00 00 
00 00 00 00 00 00 00 00 00 00 00 00 00 00 00 00 
00 00 00 00 00 00 00 00 00 00 00 00 00 00 00 00 
00 00 00 00 00 00 00 00 00 00 00 00 00 00 00 00 
00 00 00 00 00 00 00 00 00 00 00 00 00 00 00 00 
00 00 00 00 00 00 00 00 00 00 00 00 00 00 00 00 
^
[+00:000:069] [Conn_PHY_SIZE]	[EDP-1]  [X Dim:310mm, Y Dim:170mm]
^
[+00:000:012] [Conn_native_mode]	[EDP-1] {1366x768@60Hz}
^
[+00:000:012] [Conn_Stereo3D_support]	[EDP-1] - Stereo3D:0
^
[+00:059:324] [Conn_Mode]	[EDP-1] {1366x768, 1366x768@60:1, 1592x800@76420Khz}
^
[+00:005:001] [Conn_LKTN]	[EDP-1] HBRx1 pass VS=0, PE=0
^
[+39:837:371] [Conn_Mode]	[EDP-1] {1366x768, 1366x768@60:1, 1592x800@76420Khz}
^
[+00:621:735] [Conn_Mode]	[EDP-1] {1366x768, 1366x768@60:1, 1592x800@76420Khz}
^
[+27:601:150] [Conn_Mode]	[EDP-1] {1366x768, 1366x768@60:1, 1592x800@76420Khz}
^
[+00:005:894] [Conn_Mode]	[EDP-1] {1366x768, 1366x768@60:1, 1592x800@76420Khz}
^
[+00:013:592] [Conn_LKTN]	[EDP-1] Unknownx0 pass VS=0, PE=0
^
[+00:042:963] [Conn_Hotplug]	[HDMI-2] - Disconnected
^
[+00:000:055] [Conn_Hotplug]	[USBC-1] - Disconnected
^
[+00:000:015] [Conn_Num_Display]	 1
^
[+21:328:702] [Conn_Mode]	[EDP-1] {1366x768, 1366x768@60:1, 1592x800@76420Khz}
^
[+00:518:730] [Conn_Mode]	[EDP-1] {1366x768, 1366x768@60:1, 1592x800@76420Khz}
^
*** Log File Version: 3.0 ***
[+00:000:000] [Conn_Detect]	[EDP-1] DDC Display: [EDID Block 0] 

00 FF FF FF FF FF FF 00 04 69 00 00 00 00 00 00 
00 0A 01 04 A5 3C 22 78 3A A5 95 AA 54 4F A1 26 
0A 50 54 20 00 00 D1 C0 01 01 01 01 01 01 01 01 
01 01 01 01 01 01 00 00 00 10 00 00 00 00 00 00 
00 00 00 00 00 00 00 00 00 00 00 10 00 00 00 00 
00 00 00 00 00 00 00 00 00 00 00 00 00 10 00 00 
00 00 00 00 00 00 00 00 00 00 00 00 00 00 00 10 
00 00 00 00 00 00 00 00 00 00 00 00 00 00 00 DA 
^
[+00:000:050] [Conn_PHY_SIZE]	[EDP-1]  [X Dim:600mm, Y Dim:340mm]
^
[+00:000:010] [Conn_native_mode]	[EDP-1] {1920x1080@60Hz}
^
[+00:000:011] [Conn_Stereo3D_support]	[EDP-1] - Stereo3D:0
^
[+00:001:924] [Conn_Detect]	[USBC-1] DDC Display: [EDID Block 0] 

00 FF FF FF FF FF FF 00 04 69 00 00 00 00 00 00 
00 0A 01 04 A5 3C 22 78 3A A5 95 AA 54 4F A1 26 
0A 50 54 20 00 00 D1 C0 01 01 01 01 01 01 01 01 
01 01 01 01 01 01 00 00 00 10 00 00 00 00 00 00 
00 00 00 00 00 00 00 00 00 00 00 10 00 00 00 00 
00 00 00 00 00 00 00 00 00 00 00 00 00 10 00 00 
00 00 00 00 00 00 00 00 00 00 00 00 00 00 00 10 
00 00 00 00 00 00 00 00 00 00 00 00 00 00 00 DA 
^
[+00:000:030] [Conn_PHY_SIZE]	[USBC-1]  [X Dim:600mm, Y Dim:340mm]
^
[+00:000:010] [Conn_native_mode]	[USBC-1] {1920x1080@60Hz}
^
[+00:000:009] [Conn_Stereo3D_support]	[USBC-1] - Stereo3D:0
^
[+00:001:830] [Conn_Detect]	[USBC-1] DDC Display: [EDID Block 0] 

00 FF FF FF FF FF FF 00 04 69 00 00 00 00 00 00 
00 0A 01 04 A5 3C 22 78 3A A5 95 AA 54 4F A1 26 
0A 50 54 20 00 00 D1 C0 01 01 01 01 01 01 01 01 
01 01 01 01 01 01 00 00 00 10 00 00 00 00 00 00 
00 00 00 00 00 00 00 00 00 00 00 10 00 00 00 00 
00 00 00 00 00 00 00 00 00 00 00 00 00 10 00 00 
00 00 00 00 00 00 00 00 00 00 00 00 00 00 00 10 
00 00 00 00 00 00 00 00 00 00 00 00 00 00 00 DA 
^
[+00:000:119] [Conn_PHY_SIZE]	[USBC-1]  [X Dim:600mm, Y Dim:340mm]
^
[+00:000:017] [Conn_native_mode]	[USBC-1] {1920x1080@60Hz}
^
[+00:000:009] [Conn_Stereo3D_support]	[USBC-1] - Stereo3D:0
^
[+00:001:872] [Conn_Detect]	[USBC-1] DDC Display: [EDID Block 0] 

00 FF FF FF FF FF FF 00 04 69 00 00 00 00 00 00 
00 0A 01 04 A5 3C 22 78 3A A5 95 AA 54 4F A1 26 
0A 50 54 20 00 00 D1 C0 01 01 01 01 01 01 01 01 
01 01 01 01 01 01 00 00 00 10 00 00 00 00 00 00 
00 00 00 00 00 00 00 00 00 00 00 10 00 00 00 00 
00 00 00 00 00 00 00 00 00 00 00 00 00 10 00 00 
00 00 00 00 00 00 00 00 00 00 00 00 00 00 00 10 
00 00 00 00 00 00 00 00 00 00 00 00 00 00 00 DA 
^
[+00:000:028] [Conn_PHY_SIZE]	[USBC-1]  [X Dim:600mm, Y Dim:340mm]
^
[+00:000:010] [Conn_native_mode]	[USBC-1] {1920x1080@60Hz}
^
[+00:000:009] [Conn_Stereo3D_support]	[USBC-1] - Stereo3D:0
^
[+00:001:827] [Conn_Detect]	[USBC-1] DDC Display: [EDID Block 0] 

00 FF FF FF FF FF FF 00 04 69 00 00 00 00 00 00 
00 0A 01 04 A5 3C 22 78 3A A5 95 AA 54 4F A1 26 
0A 50 54 20 00 00 D1 C0 01 01 01 01 01 01 01 01 
01 01 01 01 01 01 00 00 00 10 00 00 00 00 00 00 
00 00 00 00 00 00 00 00 00 00 00 10 00 00 00 00 
00 00 00 00 00 00 00 00 00 00 00 00 00 10 00 00 
00 00 00 00 00 00 00 00 00 00 00 00 00 00 00 10 
00 00 00 00 00 00 00 00 00 00 00 00 00 00 00 DA 
^
[+00:000:027] [Conn_PHY_SIZE]	[USBC-1]  [X Dim:600mm, Y Dim:340mm]
^
[+00:000:010] [Conn_native_mode]	[USBC-1] {1920x1080@60Hz}
^
[+00:000:009] [Conn_Stereo3D_support]	[USBC-1] - Stereo3D:0
^
[+00:001:911] [Conn_Detect]	[HDMI-2] DDC Display: [EDID Block 0] 

00 FF FF FF FF FF FF 00 04 69 00 00 00 00 00 00 
00 0A 01 04 A5 3C 22 78 3A A5 95 AA 54 4F A1 26 
0A 50 54 20 00 00 D1 C0 01 01 01 01 01 01 01 01 
01 01 01 01 01 01 00 00 00 10 00 00 00 00 00 00 
00 00 00 00 00 00 00 00 00 00 00 10 00 00 00 00 
00 00 00 00 00 00 00 00 00 00 00 00 00 10 00 00 
00 00 00 00 00 00 00 00 00 00 00 00 00 00 00 10 
00 00 00 00 00 00 00 00 00 00 00 00 00 00 00 DA 
^
[+00:000:026] [Conn_PHY_SIZE]	[HDMI-2]  [X Dim:600mm, Y Dim:340mm]
^
[+00:000:010] [Conn_native_mode]	[HDMI-2] {1920x1080@60Hz}
^
[+00:000:009] [Conn_Stereo3D_support]	[HDMI-2] - Stereo3D:0
^
[+00:000:924] [Conn_Detect]	[UNKNOWN] DDC Display: [EDID Block 0] 

00 FF FF FF FF FF FF 00 04 69 00 00 00 00 00 00 
00 0A 01 04 A5 3C 22 78 3A A5 95 AA 54 4F A1 26 
0A 50 54 20 00 00 D1 C0 01 01 01 01 01 01 01 01 
01 01 01 01 01 01 00 00 00 10 00 00 00 00 00 00 
00 00 00 00 00 00 00 00 00 00 00 10 00 00 00 00 
00 00 00 00 00 00 00 00 00 00 00 00 00 10 00 00 
00 00 00 00 00 00 00 00 00 00 00 00 00 00 00 10 
00 00 00 00 00 00 00 00 00 00 00 00 00 00 00 DA 
^
[+00:000:024] [Conn_PHY_SIZE]	[UNKNOWN]  [X Dim:600mm, Y Dim:340mm]
^
[+00:000:010] [Conn_native_mode]	[UNKNOWN] {1920x1080@60Hz}
^
[+00:000:009] [Conn_Stereo3D_support]	[UNKNOWN] - Stereo3D:0
^
[+00:000:929] [Conn_Detect]	[UNKNOWN] DDC Display: [EDID Block 0] 

00 FF FF FF FF FF FF 00 04 69 00 00 00 00 00 00 
00 0A 01 04 A5 3C 22 78 3A A5 95 AA 54 4F A1 26 
0A 50 54 20 00 00 D1 C0 01 01 01 01 01 01 01 01 
01 01 01 01 01 01 00 00 00 10 00 00 00 00 00 00 
00 00 00 00 00 00 00 00 00 00 00 10 00 00 00 00 
00 00 00 00 00 00 00 00 00 00 00 00 00 10 00 00 
00 00 00 00 00 00 00 00 00 00 00 00 00 00 00 10 
00 00 00 00 00 00 00 00 00 00 00 00 00 00 00 DA 
^
[+00:000:024] [Conn_PHY_SIZE]	[UNKNOWN]  [X Dim:600mm, Y Dim:340mm]
^
[+00:000:010] [Conn_native_mode]	[UNKNOWN] {1920x1080@60Hz}
^
[+00:000:009] [Conn_Stereo3D_support]	[UNKNOWN] - Stereo3D:0
^
[+00:103:819] [Conn_Detect]	[EDP-1] DDC Display: [EDID Block 0] 

00 FF FF FF FF FF FF 00 0D AE C3 14 00 00 00 00 
13 1A 01 04 95 1F 11 78 02 7E 45 93 55 53 94 28 
23 50 54 00 00 00 01 01 01 01 01 01 01 01 01 01 
01 01 01 01 01 01 DA 1D 56 E2 50 00 20 30 44 2D 
47 00 35 AD 10 00 00 1A E7 13 56 E2 50 00 20 30 
44 2D 47 00 35 AD 10 00 00 1A 00 00 00 00 00 00 
00 00 00 00 00 00 00 00 00 00 00 00 00 00 00 02 
00 0C 44 FF 0B 3C 6E 0F 0F 1B 6E 00 00 00 00 9C 
^
[+00:000:175] [Conn_PHY_SIZE]	[EDP-1]  [X Dim:310mm, Y Dim:170mm]
^
[+00:000:018] [Conn_native_mode]	[EDP-1] {1366x768@60Hz}
^
[+00:000:011] [Conn_Stereo3D_support]	[EDP-1] - Stereo3D:0
^
[+00:025:956] [Conn_Num_Display]	 1
^
[+00:177:543] [Conn_Detect]	[EDP-1] DDC Display: [EDID Block 0] 

00 FF FF FF FF FF FF 00 0D AE C3 14 00 00 00 00 
13 1A 01 04 95 1F 11 78 02 7E 45 93 55 53 94 28 
23 50 54 00 00 00 01 01 01 01 01 01 01 01 01 01 
01 01 01 01 01 01 DA 1D 56 E2 50 00 20 30 44 2D 
47 00 35 AD 10 00 00 1A E7 13 56 E2 50 00 20 30 
44 2D 47 00 35 AD 10 00 00 1A 00 00 00 00 00 00 
00 00 00 00 00 00 00 00 00 00 00 00 00 00 00 02 
00 0C 44 FF 0B 3C 6E 0F 0F 1B 6E 00 00 00 00 9C 
00 00 00 00 00 00 00 00 00 00 00 00 00 00 00 00 
00 00 00 00 00 00 00 00 00 00 00 00 00 00 00 00 
00 00 00 00 00 00 00 00 00 00 00 00 00 00 00 00 
00 00 00 00 00 00 00 00 00 00 00 00 00 00 00 00 
00 00 00 00 00 00 00 00 00 00 00 00 00 00 00 00 
00 00 00 00 00 00 00 00 00 00 00 00 00 00 00 00 
00 00 00 00 00 00 00 00 00 00 00 00 00 00 00 00 
00 00 00 00 00 00 00 00 00 00 00 00 00 00 00 00 
^
[+00:000:048] [Conn_PHY_SIZE]	[EDP-1]  [X Dim:310mm, Y Dim:170mm]
^
[+00:000:011] [Conn_native_mode]	[EDP-1] {1366x768@60Hz}
^
[+00:000:010] [Conn_Stereo3D_support]	[EDP-1] - Stereo3D:0
^
[+00:045:746] [Conn_Mode]	[EDP-1] {1366x768, 1366x768@60:1, 1592x800@76420Khz}
^
[+00:004:323] [Conn_LKTN]	[EDP-1] HBRx1 pass VS=0, PE=0
^
[+01:949:606] [Conn_Mode]	[EDP-1] {1366x768, 1366x768@60:1, 1592x800@76420Khz}
^
[+00:567:322] [Conn_Mode]	[EDP-1] {1366x768, 1366x768@60:1, 1592x800@76420Khz}
^
*** Log File Version: 3.0 ***
[+00:000:000] [Conn_Detect]	[EDP-1] DDC Display: [EDID Block 0] 

00 FF FF FF FF FF FF 00 04 69 00 00 00 00 00 00 
00 0A 01 04 A5 3C 22 78 3A A5 95 AA 54 4F A1 26 
0A 50 54 20 00 00 D1 C0 01 01 01 01 01 01 01 01 
01 01 01 01 01 01 00 00 00 10 00 00 00 00 00 00 
00 00 00 00 00 00 00 00 00 00 00 10 00 00 00 00 
00 00 00 00 00 00 00 00 00 00 00 00 00 10 00 00 
00 00 00 00 00 00 00 00 00 00 00 00 00 00 00 10 
00 00 00 00 00 00 00 00 00 00 00 00 00 00 00 DA 
^
[+00:000:064] [Conn_PHY_SIZE]	[EDP-1]  [X Dim:600mm, Y Dim:340mm]
^
[+00:000:013] [Conn_native_mode]	[EDP-1] {1920x1080@60Hz}
^
[+00:000:012] [Conn_Stereo3D_support]	[EDP-1] - Stereo3D:0
^
[+00:002:033] [Conn_Detect]	[USBC-1] DDC Display: [EDID Block 0] 

00 FF FF FF FF FF FF 00 04 69 00 00 00 00 00 00 
00 0A 01 04 A5 3C 22 78 3A A5 95 AA 54 4F A1 26 
0A 50 54 20 00 00 D1 C0 01 01 01 01 01 01 01 01 
01 01 01 01 01 01 00 00 00 10 00 00 00 00 00 00 
00 00 00 00 00 00 00 00 00 00 00 10 00 00 00 00 
00 00 00 00 00 00 00 00 00 00 00 00 00 10 00 00 
00 00 00 00 00 00 00 00 00 00 00 00 00 00 00 10 
00 00 00 00 00 00 00 00 00 00 00 00 00 00 00 DA 
^
[+00:000:033] [Conn_PHY_SIZE]	[USBC-1]  [X Dim:600mm, Y Dim:340mm]
^
[+00:000:012] [Conn_native_mode]	[USBC-1] {1920x1080@60Hz}
^
[+00:000:010] [Conn_Stereo3D_support]	[USBC-1] - Stereo3D:0
^
[+00:001:999] [Conn_Detect]	[USBC-1] DDC Display: [EDID Block 0] 

00 FF FF FF FF FF FF 00 04 69 00 00 00 00 00 00 
00 0A 01 04 A5 3C 22 78 3A A5 95 AA 54 4F A1 26 
0A 50 54 20 00 00 D1 C0 01 01 01 01 01 01 01 01 
01 01 01 01 01 01 00 00 00 10 00 00 00 00 00 00 
00 00 00 00 00 00 00 00 00 00 00 10 00 00 00 00 
00 00 00 00 00 00 00 00 00 00 00 00 00 10 00 00 
00 00 00 00 00 00 00 00 00 00 00 00 00 00 00 10 
00 00 00 00 00 00 00 00 00 00 00 00 00 00 00 DA 
^
[+00:000:031] [Conn_PHY_SIZE]	[USBC-1]  [X Dim:600mm, Y Dim:340mm]
^
[+00:000:012] [Conn_native_mode]	[USBC-1] {1920x1080@60Hz}
^
[+00:000:010] [Conn_Stereo3D_support]	[USBC-1] - Stereo3D:0
^
[+00:002:024] [Conn_Detect]	[USBC-1] DDC Display: [EDID Block 0] 

00 FF FF FF FF FF FF 00 04 69 00 00 00 00 00 00 
00 0A 01 04 A5 3C 22 78 3A A5 95 AA 54 4F A1 26 
0A 50 54 20 00 00 D1 C0 01 01 01 01 01 01 01 01 
01 01 01 01 01 01 00 00 00 10 00 00 00 00 00 00 
00 00 00 00 00 00 00 00 00 00 00 10 00 00 00 00 
00 00 00 00 00 00 00 00 00 00 00 00 00 10 00 00 
00 00 00 00 00 00 00 00 00 00 00 00 00 00 00 10 
00 00 00 00 00 00 00 00 00 00 00 00 00 00 00 DA 
^
[+00:000:155] [Conn_PHY_SIZE]	[USBC-1]  [X Dim:600mm, Y Dim:340mm]
^
[+00:000:021] [Conn_native_mode]	[USBC-1] {1920x1080@60Hz}
^
[+00:000:011] [Conn_Stereo3D_support]	[USBC-1] - Stereo3D:0
^
[+00:002:049] [Conn_Detect]	[USBC-1] DDC Display: [EDID Block 0] 

00 FF FF FF FF FF FF 00 04 69 00 00 00 00 00 00 
00 0A 01 04 A5 3C 22 78 3A A5 95 AA 54 4F A1 26 
0A 50 54 20 00 00 D1 C0 01 01 01 01 01 01 01 01 
01 01 01 01 01 01 00 00 00 10 00 00 00 00 00 00 
00 00 00 00 00 00 00 00 00 00 00 10 00 00 00 00 
00 00 00 00 00 00 00 00 00 00 00 00 00 10 00 00 
00 00 00 00 00 00 00 00 00 00 00 00 00 00 00 10 
00 00 00 00 00 00 00 00 00 00 00 00 00 00 00 DA 
^
[+00:000:029] [Conn_PHY_SIZE]	[USBC-1]  [X Dim:600mm, Y Dim:340mm]
^
[+00:000:012] [Conn_native_mode]	[USBC-1] {1920x1080@60Hz}
^
[+00:000:010] [Conn_Stereo3D_support]	[USBC-1] - Stereo3D:0
^
[+00:002:081] [Conn_Detect]	[HDMI-2] DDC Display: [EDID Block 0] 

00 FF FF FF FF FF FF 00 04 69 00 00 00 00 00 00 
00 0A 01 04 A5 3C 22 78 3A A5 95 AA 54 4F A1 26 
0A 50 54 20 00 00 D1 C0 01 01 01 01 01 01 01 01 
01 01 01 01 01 01 00 00 00 10 00 00 00 00 00 00 
00 00 00 00 00 00 00 00 00 00 00 10 00 00 00 00 
00 00 00 00 00 00 00 00 00 00 00 00 00 10 00 00 
00 00 00 00 00 00 00 00 00 00 00 00 00 00 00 10 
00 00 00 00 00 00 00 00 00 00 00 00 00 00 00 DA 
^
[+00:000:030] [Conn_PHY_SIZE]	[HDMI-2]  [X Dim:600mm, Y Dim:340mm]
^
[+00:000:011] [Conn_native_mode]	[HDMI-2] {1920x1080@60Hz}
^
[+00:000:011] [Conn_Stereo3D_support]	[HDMI-2] - Stereo3D:0
^
[+00:001:115] [Conn_Detect]	[UNKNOWN] DDC Display: [EDID Block 0] 

00 FF FF FF FF FF FF 00 04 69 00 00 00 00 00 00 
00 0A 01 04 A5 3C 22 78 3A A5 95 AA 54 4F A1 26 
0A 50 54 20 00 00 D1 C0 01 01 01 01 01 01 01 01 
01 01 01 01 01 01 00 00 00 10 00 00 00 00 00 00 
00 00 00 00 00 00 00 00 00 00 00 10 00 00 00 00 
00 00 00 00 00 00 00 00 00 00 00 00 00 10 00 00 
00 00 00 00 00 00 00 00 00 00 00 00 00 00 00 10 
00 00 00 00 00 00 00 00 00 00 00 00 00 00 00 DA 
^
[+00:000:027] [Conn_PHY_SIZE]	[UNKNOWN]  [X Dim:600mm, Y Dim:340mm]
^
[+00:000:012] [Conn_native_mode]	[UNKNOWN] {1920x1080@60Hz}
^
[+00:000:011] [Conn_Stereo3D_support]	[UNKNOWN] - Stereo3D:0
^
[+00:001:103] [Conn_Detect]	[UNKNOWN] DDC Display: [EDID Block 0] 

00 FF FF FF FF FF FF 00 04 69 00 00 00 00 00 00 
00 0A 01 04 A5 3C 22 78 3A A5 95 AA 54 4F A1 26 
0A 50 54 20 00 00 D1 C0 01 01 01 01 01 01 01 01 
01 01 01 01 01 01 00 00 00 10 00 00 00 00 00 00 
00 00 00 00 00 00 00 00 00 00 00 10 00 00 00 00 
00 00 00 00 00 00 00 00 00 00 00 00 00 10 00 00 
00 00 00 00 00 00 00 00 00 00 00 00 00 00 00 10 
00 00 00 00 00 00 00 00 00 00 00 00 00 00 00 DA 
^
[+00:000:027] [Conn_PHY_SIZE]	[UNKNOWN]  [X Dim:600mm, Y Dim:340mm]
^
[+00:000:012] [Conn_native_mode]	[UNKNOWN] {1920x1080@60Hz}
^
[+00:000:010] [Conn_Stereo3D_support]	[UNKNOWN] - Stereo3D:0
^
[+00:112:711] [Conn_Detect]	[EDP-1] DDC Display: [EDID Block 0] 

00 FF FF FF FF FF FF 00 0D AE C3 14 00 00 00 00 
13 1A 01 04 95 1F 11 78 02 7E 45 93 55 53 94 28 
23 50 54 00 00 00 01 01 01 01 01 01 01 01 01 01 
01 01 01 01 01 01 DA 1D 56 E2 50 00 20 30 44 2D 
47 00 35 AD 10 00 00 1A E7 13 56 E2 50 00 20 30 
44 2D 47 00 35 AD 10 00 00 1A 00 00 00 00 00 00 
00 00 00 00 00 00 00 00 00 00 00 00 00 00 00 02 
00 0C 44 FF 0B 3C 6E 0F 0F 1B 6E 00 00 00 00 9C 
^
[+00:000:041] [Conn_PHY_SIZE]	[EDP-1]  [X Dim:310mm, Y Dim:170mm]
^
[+00:000:011] [Conn_native_mode]	[EDP-1] {1366x768@60Hz}
^
[+00:000:012] [Conn_Stereo3D_support]	[EDP-1] - Stereo3D:0
^
[+00:024:500] [Conn_Num_Display]	 1
^
[+00:226:984] [Conn_Detect]	[EDP-1] DDC Display: [EDID Block 0] 

00 FF FF FF FF FF FF 00 0D AE C3 14 00 00 00 00 
13 1A 01 04 95 1F 11 78 02 7E 45 93 55 53 94 28 
23 50 54 00 00 00 01 01 01 01 01 01 01 01 01 01 
01 01 01 01 01 01 DA 1D 56 E2 50 00 20 30 44 2D 
47 00 35 AD 10 00 00 1A E7 13 56 E2 50 00 20 30 
44 2D 47 00 35 AD 10 00 00 1A 00 00 00 00 00 00 
00 00 00 00 00 00 00 00 00 00 00 00 00 00 00 02 
00 0C 44 FF 0B 3C 6E 0F 0F 1B 6E 00 00 00 00 9C 
00 00 00 00 00 00 00 00 00 00 00 00 00 00 00 00 
00 00 00 00 00 00 00 00 00 00 00 00 00 00 00 00 
00 00 00 00 00 00 00 00 00 00 00 00 00 00 00 00 
00 00 00 00 00 00 00 00 00 00 00 00 00 00 00 00 
00 00 00 00 00 00 00 00 00 00 00 00 00 00 00 00 
00 00 00 00 00 00 00 00 00 00 00 00 00 00 00 00 
00 00 00 00 00 00 00 00 00 00 00 00 00 00 00 00 
00 00 00 00 00 00 00 00 00 00 00 00 00 00 00 00 
^
[+00:000:178] [Conn_PHY_SIZE]	[EDP-1]  [X Dim:310mm, Y Dim:170mm]
^
[+00:000:021] [Conn_native_mode]	[EDP-1] {1366x768@60Hz}
^
[+00:000:013] [Conn_Stereo3D_support]	[EDP-1] - Stereo3D:0
^
[+00:056:884] [Conn_Mode]	[EDP-1] {1366x768, 1366x768@60:1, 1592x800@76420Khz}
^
[+00:004:559] [Conn_LKTN]	[EDP-1] HBRx1 pass VS=0, PE=0
^
[+08:088:857] [Conn_Mode]	[EDP-1] {1366x768, 1366x768@60:1, 1592x800@76420Khz}
^
[+00:555:149] [Conn_Mode]	[EDP-1] {1366x768, 1366x768@60:1, 1592x800@76420Khz}
^
*** Log File Version: 3.0 ***
[+00:000:000] [Conn_Detect]	[EDP-1] DDC Display: [EDID Block 0] 

00 FF FF FF FF FF FF 00 04 69 00 00 00 00 00 00 
00 0A 01 04 A5 3C 22 78 3A A5 95 AA 54 4F A1 26 
0A 50 54 20 00 00 D1 C0 01 01 01 01 01 01 01 01 
01 01 01 01 01 01 00 00 00 10 00 00 00 00 00 00 
00 00 00 00 00 00 00 00 00 00 00 10 00 00 00 00 
00 00 00 00 00 00 00 00 00 00 00 00 00 10 00 00 
00 00 00 00 00 00 00 00 00 00 00 00 00 00 00 10 
00 00 00 00 00 00 00 00 00 00 00 00 00 00 00 DA 
^
[+00:000:076] [Conn_PHY_SIZE]	[EDP-1]  [X Dim:600mm, Y Dim:340mm]
^
[+00:000:013] [Conn_native_mode]	[EDP-1] {1920x1080@60Hz}
^
[+00:000:012] [Conn_Stereo3D_support]	[EDP-1] - Stereo3D:0
^
[+00:001:992] [Conn_Detect]	[USBC-1] DDC Display: [EDID Block 0] 

00 FF FF FF FF FF FF 00 04 69 00 00 00 00 00 00 
00 0A 01 04 A5 3C 22 78 3A A5 95 AA 54 4F A1 26 
0A 50 54 20 00 00 D1 C0 01 01 01 01 01 01 01 01 
01 01 01 01 01 01 00 00 00 10 00 00 00 00 00 00 
00 00 00 00 00 00 00 00 00 00 00 10 00 00 00 00 
00 00 00 00 00 00 00 00 00 00 00 00 00 10 00 00 
00 00 00 00 00 00 00 00 00 00 00 00 00 00 00 10 
00 00 00 00 00 00 00 00 00 00 00 00 00 00 00 DA 
^
[+00:000:040] [Conn_PHY_SIZE]	[USBC-1]  [X Dim:600mm, Y Dim:340mm]
^
[+00:000:012] [Conn_native_mode]	[USBC-1] {1920x1080@60Hz}
^
[+00:000:011] [Conn_Stereo3D_support]	[USBC-1] - Stereo3D:0
^
[+00:001:991] [Conn_Detect]	[USBC-1] DDC Display: [EDID Block 0] 

00 FF FF FF FF FF FF 00 04 69 00 00 00 00 00 00 
00 0A 01 04 A5 3C 22 78 3A A5 95 AA 54 4F A1 26 
0A 50 54 20 00 00 D1 C0 01 01 01 01 01 01 01 01 
01 01 01 01 01 01 00 00 00 10 00 00 00 00 00 00 
00 00 00 00 00 00 00 00 00 00 00 10 00 00 00 00 
00 00 00 00 00 00 00 00 00 00 00 00 00 10 00 00 
00 00 00 00 00 00 00 00 00 00 00 00 00 00 00 10 
00 00 00 00 00 00 00 00 00 00 00 00 00 00 00 DA 
^
[+00:000:032] [Conn_PHY_SIZE]	[USBC-1]  [X Dim:600mm, Y Dim:340mm]
^
[+00:000:011] [Conn_native_mode]	[USBC-1] {1920x1080@60Hz}
^
[+00:000:011] [Conn_Stereo3D_support]	[USBC-1] - Stereo3D:0
^
[+00:001:942] [Conn_Detect]	[USBC-1] DDC Display: [EDID Block 0] 

00 FF FF FF FF FF FF 00 04 69 00 00 00 00 00 00 
00 0A 01 04 A5 3C 22 78 3A A5 95 AA 54 4F A1 26 
0A 50 54 20 00 00 D1 C0 01 01 01 01 01 01 01 01 
01 01 01 01 01 01 00 00 00 10 00 00 00 00 00 00 
00 00 00 00 00 00 00 00 00 00 00 10 00 00 00 00 
00 00 00 00 00 00 00 00 00 00 00 00 00 10 00 00 
00 00 00 00 00 00 00 00 00 00 00 00 00 00 00 10 
00 00 00 00 00 00 00 00 00 00 00 00 00 00 00 DA 
^
[+00:000:030] [Conn_PHY_SIZE]	[USBC-1]  [X Dim:600mm, Y Dim:340mm]
^
[+00:000:012] [Conn_native_mode]	[USBC-1] {1920x1080@60Hz}
^
[+00:000:010] [Conn_Stereo3D_support]	[USBC-1] - Stereo3D:0
^
[+00:001:980] [Conn_Detect]	[USBC-1] DDC Display: [EDID Block 0] 

00 FF FF FF FF FF FF 00 04 69 00 00 00 00 00 00 
00 0A 01 04 A5 3C 22 78 3A A5 95 AA 54 4F A1 26 
0A 50 54 20 00 00 D1 C0 01 01 01 01 01 01 01 01 
01 01 01 01 01 01 00 00 00 10 00 00 00 00 00 00 
00 00 00 00 00 00 00 00 00 00 00 10 00 00 00 00 
00 00 00 00 00 00 00 00 00 00 00 00 00 10 00 00 
00 00 00 00 00 00 00 00 00 00 00 00 00 00 00 10 
00 00 00 00 00 00 00 00 00 00 00 00 00 00 00 DA 
^
[+00:000:184] [Conn_PHY_SIZE]	[USBC-1]  [X Dim:600mm, Y Dim:340mm]
^
[+00:000:020] [Conn_native_mode]	[USBC-1] {1920x1080@60Hz}
^
[+00:000:011] [Conn_Stereo3D_support]	[USBC-1] - Stereo3D:0
^
[+00:002:056] [Conn_Detect]	[HDMI-2] DDC Display: [EDID Block 0] 

00 FF FF FF FF FF FF 00 04 69 00 00 00 00 00 00 
00 0A 01 04 A5 3C 22 78 3A A5 95 AA 54 4F A1 26 
0A 50 54 20 00 00 D1 C0 01 01 01 01 01 01 01 01 
01 01 01 01 01 01 00 00 00 10 00 00 00 00 00 00 
00 00 00 00 00 00 00 00 00 00 00 10 00 00 00 00 
00 00 00 00 00 00 00 00 00 00 00 00 00 10 00 00 
00 00 00 00 00 00 00 00 00 00 00 00 00 00 00 10 
00 00 00 00 00 00 00 00 00 00 00 00 00 00 00 DA 
^
[+00:000:030] [Conn_PHY_SIZE]	[HDMI-2]  [X Dim:600mm, Y Dim:340mm]
^
[+00:000:011] [Conn_native_mode]	[HDMI-2] {1920x1080@60Hz}
^
[+00:000:011] [Conn_Stereo3D_support]	[HDMI-2] - Stereo3D:0
^
[+00:001:163] [Conn_Detect]	[UNKNOWN] DDC Display: [EDID Block 0] 

00 FF FF FF FF FF FF 00 04 69 00 00 00 00 00 00 
00 0A 01 04 A5 3C 22 78 3A A5 95 AA 54 4F A1 26 
0A 50 54 20 00 00 D1 C0 01 01 01 01 01 01 01 01 
01 01 01 01 01 01 00 00 00 10 00 00 00 00 00 00 
00 00 00 00 00 00 00 00 00 00 00 10 00 00 00 00 
00 00 00 00 00 00 00 00 00 00 00 00 00 10 00 00 
00 00 00 00 00 00 00 00 00 00 00 00 00 00 00 10 
00 00 00 00 00 00 00 00 00 00 00 00 00 00 00 DA 
^
[+00:000:028] [Conn_PHY_SIZE]	[UNKNOWN]  [X Dim:600mm, Y Dim:340mm]
^
[+00:000:011] [Conn_native_mode]	[UNKNOWN] {1920x1080@60Hz}
^
[+00:000:010] [Conn_Stereo3D_support]	[UNKNOWN] - Stereo3D:0
^
[+00:001:162] [Conn_Detect]	[UNKNOWN] DDC Display: [EDID Block 0] 

00 FF FF FF FF FF FF 00 04 69 00 00 00 00 00 00 
00 0A 01 04 A5 3C 22 78 3A A5 95 AA 54 4F A1 26 
0A 50 54 20 00 00 D1 C0 01 01 01 01 01 01 01 01 
01 01 01 01 01 01 00 00 00 10 00 00 00 00 00 00 
00 00 00 00 00 00 00 00 00 00 00 10 00 00 00 00 
00 00 00 00 00 00 00 00 00 00 00 00 00 10 00 00 
00 00 00 00 00 00 00 00 00 00 00 00 00 00 00 10 
00 00 00 00 00 00 00 00 00 00 00 00 00 00 00 DA 
^
[+00:000:028] [Conn_PHY_SIZE]	[UNKNOWN]  [X Dim:600mm, Y Dim:340mm]
^
[+00:000:011] [Conn_native_mode]	[UNKNOWN] {1920x1080@60Hz}
^
[+00:000:010] [Conn_Stereo3D_support]	[UNKNOWN] - Stereo3D:0
^
[+00:107:757] [Conn_Detect]	[EDP-1] DDC Display: [EDID Block 0] 

00 FF FF FF FF FF FF 00 0D AE C3 14 00 00 00 00 
13 1A 01 04 95 1F 11 78 02 7E 45 93 55 53 94 28 
23 50 54 00 00 00 01 01 01 01 01 01 01 01 01 01 
01 01 01 01 01 01 DA 1D 56 E2 50 00 20 30 44 2D 
47 00 35 AD 10 00 00 1A E7 13 56 E2 50 00 20 30 
44 2D 47 00 35 AD 10 00 00 1A 00 00 00 00 00 00 
00 00 00 00 00 00 00 00 00 00 00 00 00 00 00 02 
00 0C 44 FF 0B 3C 6E 0F 0F 1B 6E 00 00 00 00 9C 
^
[+00:000:048] [Conn_PHY_SIZE]	[EDP-1]  [X Dim:310mm, Y Dim:170mm]
^
[+00:000:011] [Conn_native_mode]	[EDP-1] {1366x768@60Hz}
^
[+00:000:012] [Conn_Stereo3D_support]	[EDP-1] - Stereo3D:0
^
[+00:028:136] [Conn_Num_Display]	 1
^
[+00:191:159] [Conn_Detect]	[EDP-1] DDC Display: [EDID Block 0] 

00 FF FF FF FF FF FF 00 0D AE C3 14 00 00 00 00 
13 1A 01 04 95 1F 11 78 02 7E 45 93 55 53 94 28 
23 50 54 00 00 00 01 01 01 01 01 01 01 01 01 01 
01 01 01 01 01 01 DA 1D 56 E2 50 00 20 30 44 2D 
47 00 35 AD 10 00 00 1A E7 13 56 E2 50 00 20 30 
44 2D 47 00 35 AD 10 00 00 1A 00 00 00 00 00 00 
00 00 00 00 00 00 00 00 00 00 00 00 00 00 00 02 
00 0C 44 FF 0B 3C 6E 0F 0F 1B 6E 00 00 00 00 9C 
00 00 00 00 00 00 00 00 00 00 00 00 00 00 00 00 
00 00 00 00 00 00 00 00 00 00 00 00 00 00 00 00 
00 00 00 00 00 00 00 00 00 00 00 00 00 00 00 00 
00 00 00 00 00 00 00 00 00 00 00 00 00 00 00 00 
00 00 00 00 00 00 00 00 00 00 00 00 00 00 00 00 
00 00 00 00 00 00 00 00 00 00 00 00 00 00 00 00 
00 00 00 00 00 00 00 00 00 00 00 00 00 00 00 00 
00 00 00 00 00 00 00 00 00 00 00 00 00 00 00 00 
^
[+00:000:068] [Conn_PHY_SIZE]	[EDP-1]  [X Dim:310mm, Y Dim:170mm]
^
[+00:000:012] [Conn_native_mode]	[EDP-1] {1366x768@60Hz}
^
[+00:000:013] [Conn_Stereo3D_support]	[EDP-1] - Stereo3D:0
^
[+00:056:757] [Conn_Mode]	[EDP-1] {1366x768, 1366x768@60:1, 1592x800@76420Khz}
^
[+00:005:195] [Conn_LKTN]	[EDP-1] HBRx1 pass VS=0, PE=0
^
[+42:317:997] [Conn_Mode]	[EDP-1] {1366x768, 1366x768@60:1, 1592x800@76420Khz}
^
[+58:099:799] [Conn_Hotplug]	[HDMI-2] - Disconnected
^
[+00:000:351] [Conn_Hotplug]	[USBC-1] - Disconnected
^
[+00:000:011] [Conn_Num_Display]	 1
^
[+00:000:219] [Conn_Mode]	[EDP-1] {1366x768, 1366x768@60:1, 1592x800@76420Khz}
^
[+00:011:926] [Conn_Mode]	[EDP-1] {1366x768, 1366x768@60:1, 1592x800@76420Khz}
^
[+00:094:889] [Conn_LKTN]	[EDP-1] HBRx1 pass VS=0, PE=0
^
[+34:068:327] [Conn_Mode]	[EDP-1] {1366x768, 1366x768@60:1, 1592x800@76420Khz}
^
[+00:488:635] [Conn_Mode]	[EDP-1] {1366x768, 1366x768@60:1, 1592x800@76420Khz}
^
[+06:909:588] [Conn_Hotplug]	[HDMI-2] - Disconnected
^
[+00:000:055] [Conn_Hotplug]	[USBC-1] - Disconnected
^
[+00:000:013] [Conn_Num_Display]	 1
^
[+00:000:262] [Conn_Mode]	[EDP-1] {1366x768, 1366x768@60:1, 1592x800@76420Khz}
^
[+00:004:428] [Conn_Mode]	[EDP-1] {1366x768, 1366x768@60:1, 1592x800@76420Khz}
^
[+00:003:905] [Conn_LKTN]	[EDP-1] Unknownx0 pass VS=0, PE=0
^
[+40:100:128] [Conn_Mode]	[EDP-1] {1366x768, 1366x768@60:1, 1592x800@76420Khz}
^
[+47:629:051] [Conn_Mode]	[EDP-1] {1366x768, 1366x768@60:1, 1592x800@76420Khz}
^
[+00:046:288] [Conn_Hotplug]	[HDMI-2] - Disconnected
^
[+00:000:041] [Conn_Hotplug]	[USBC-1] - Disconnected
^
[+00:000:026] [Conn_Num_Display]	 1
^
[+00:013:795] [Conn_Mode]	[EDP-1] {1366x768, 1366x768@60:1, 1592x800@76420Khz}
^
[+00:081:262] [Conn_LKTN]	[EDP-1] HBRx1 pass VS=0, PE=0
^
[+41:482:792] [Conn_Mode]	[EDP-1] {1366x768, 1366x768@60:1, 1592x800@76420Khz}
^
[+00:473:343] [Conn_Mode]	[EDP-1] {1366x768, 1366x768@60:1, 1592x800@76420Khz}
^
[+10:068:673] [Conn_Hotplug]	[HDMI-2] - Disconnected
^
[+00:000:143] [Conn_Hotplug]	[USBC-1] - Disconnected
^
[+00:000:016] [Conn_Num_Display]	 1
^
[+00:000:228] [Conn_Mode]	[EDP-1] {1366x768, 1366x768@60:1, 1592x800@76420Khz}
^
[+00:004:479] [Conn_Mode]	[EDP-1] {1366x768, 1366x768@60:1, 1592x800@76420Khz}
^
[+00:015:372] [Conn_LKTN]	[EDP-1] Unknownx0 pass VS=0, PE=0
^
[+40:261:293] [Conn_Mode]	[EDP-1] {1366x768, 1366x768@60:1, 1592x800@76420Khz}
^
[+57:768:590] [Conn_Hotplug]	[HDMI-2] - Disconnected
^
[+00:000:080] [Conn_Hotplug]	[USBC-1] - Disconnected
^
[+00:000:011] [Conn_Num_Display]	 1
^
[+00:000:224] [Conn_Mode]	[EDP-1] {1366x768, 1366x768@60:1, 1592x800@76420Khz}
^
[+00:011:917] [Conn_Mode]	[EDP-1] {1366x768, 1366x768@60:1, 1592x800@76420Khz}
^
[+00:095:702] [Conn_LKTN]	[EDP-1] HBRx1 pass VS=0, PE=0
^
[+15:522:946] [Conn_Mode]	[EDP-1] {1366x768, 1366x768@60:1, 1592x800@76420Khz}
^
[+00:482:595] [Conn_Mode]	[EDP-1] {1366x768, 1366x768@60:1, 1592x800@76420Khz}
^
*** Log File Version: 3.0 ***
[+00:000:000] [Conn_Detect]	[EDP-1] DDC Display: [EDID Block 0] 

00 FF FF FF FF FF FF 00 04 69 00 00 00 00 00 00 
00 0A 01 04 A5 3C 22 78 3A A5 95 AA 54 4F A1 26 
0A 50 54 20 00 00 D1 C0 01 01 01 01 01 01 01 01 
01 01 01 01 01 01 00 00 00 10 00 00 00 00 00 00 
00 00 00 00 00 00 00 00 00 00 00 10 00 00 00 00 
00 00 00 00 00 00 00 00 00 00 00 00 00 10 00 00 
00 00 00 00 00 00 00 00 00 00 00 00 00 00 00 10 
00 00 00 00 00 00 00 00 00 00 00 00 00 00 00 DA 
^
[+00:000:071] [Conn_PHY_SIZE]	[EDP-1]  [X Dim:600mm, Y Dim:340mm]
^
[+00:000:012] [Conn_native_mode]	[EDP-1] {1920x1080@60Hz}
^
[+00:000:011] [Conn_Stereo3D_support]	[EDP-1] - Stereo3D:0
^
[+00:001:919] [Conn_Detect]	[USBC-1] DDC Display: [EDID Block 0] 

00 FF FF FF FF FF FF 00 04 69 00 00 00 00 00 00 
00 0A 01 04 A5 3C 22 78 3A A5 95 AA 54 4F A1 26 
0A 50 54 20 00 00 D1 C0 01 01 01 01 01 01 01 01 
01 01 01 01 01 01 00 00 00 10 00 00 00 00 00 00 
00 00 00 00 00 00 00 00 00 00 00 10 00 00 00 00 
00 00 00 00 00 00 00 00 00 00 00 00 00 10 00 00 
00 00 00 00 00 00 00 00 00 00 00 00 00 00 00 10 
00 00 00 00 00 00 00 00 00 00 00 00 00 00 00 DA 
^
[+00:000:034] [Conn_PHY_SIZE]	[USBC-1]  [X Dim:600mm, Y Dim:340mm]
^
[+00:000:012] [Conn_native_mode]	[USBC-1] {1920x1080@60Hz}
^
[+00:000:011] [Conn_Stereo3D_support]	[USBC-1] - Stereo3D:0
^
[+00:001:918] [Conn_Detect]	[USBC-1] DDC Display: [EDID Block 0] 

00 FF FF FF FF FF FF 00 04 69 00 00 00 00 00 00 
00 0A 01 04 A5 3C 22 78 3A A5 95 AA 54 4F A1 26 
0A 50 54 20 00 00 D1 C0 01 01 01 01 01 01 01 01 
01 01 01 01 01 01 00 00 00 10 00 00 00 00 00 00 
00 00 00 00 00 00 00 00 00 00 00 10 00 00 00 00 
00 00 00 00 00 00 00 00 00 00 00 00 00 10 00 00 
00 00 00 00 00 00 00 00 00 00 00 00 00 00 00 10 
00 00 00 00 00 00 00 00 00 00 00 00 00 00 00 DA 
^
[+00:000:175] [Conn_PHY_SIZE]	[USBC-1]  [X Dim:600mm, Y Dim:340mm]
^
[+00:000:021] [Conn_native_mode]	[USBC-1] {1920x1080@60Hz}
^
[+00:000:011] [Conn_Stereo3D_support]	[USBC-1] - Stereo3D:0
^
[+00:001:937] [Conn_Detect]	[USBC-1] DDC Display: [EDID Block 0] 

00 FF FF FF FF FF FF 00 04 69 00 00 00 00 00 00 
00 0A 01 04 A5 3C 22 78 3A A5 95 AA 54 4F A1 26 
0A 50 54 20 00 00 D1 C0 01 01 01 01 01 01 01 01 
01 01 01 01 01 01 00 00 00 10 00 00 00 00 00 00 
00 00 00 00 00 00 00 00 00 00 00 10 00 00 00 00 
00 00 00 00 00 00 00 00 00 00 00 00 00 10 00 00 
00 00 00 00 00 00 00 00 00 00 00 00 00 00 00 10 
00 00 00 00 00 00 00 00 00 00 00 00 00 00 00 DA 
^
[+00:000:028] [Conn_PHY_SIZE]	[USBC-1]  [X Dim:600mm, Y Dim:340mm]
^
[+00:000:012] [Conn_native_mode]	[USBC-1] {1920x1080@60Hz}
^
[+00:000:010] [Conn_Stereo3D_support]	[USBC-1] - Stereo3D:0
^
[+00:001:938] [Conn_Detect]	[USBC-1] DDC Display: [EDID Block 0] 

00 FF FF FF FF FF FF 00 04 69 00 00 00 00 00 00 
00 0A 01 04 A5 3C 22 78 3A A5 95 AA 54 4F A1 26 
0A 50 54 20 00 00 D1 C0 01 01 01 01 01 01 01 01 
01 01 01 01 01 01 00 00 00 10 00 00 00 00 00 00 
00 00 00 00 00 00 00 00 00 00 00 10 00 00 00 00 
00 00 00 00 00 00 00 00 00 00 00 00 00 10 00 00 
00 00 00 00 00 00 00 00 00 00 00 00 00 00 00 10 
00 00 00 00 00 00 00 00 00 00 00 00 00 00 00 DA 
^
[+00:000:030] [Conn_PHY_SIZE]	[USBC-1]  [X Dim:600mm, Y Dim:340mm]
^
[+00:000:011] [Conn_native_mode]	[USBC-1] {1920x1080@60Hz}
^
[+00:000:010] [Conn_Stereo3D_support]	[USBC-1] - Stereo3D:0
^
[+00:001:959] [Conn_Detect]	[HDMI-2] DDC Display: [EDID Block 0] 

00 FF FF FF FF FF FF 00 04 69 00 00 00 00 00 00 
00 0A 01 04 A5 3C 22 78 3A A5 95 AA 54 4F A1 26 
0A 50 54 20 00 00 D1 C0 01 01 01 01 01 01 01 01 
01 01 01 01 01 01 00 00 00 10 00 00 00 00 00 00 
00 00 00 00 00 00 00 00 00 00 00 10 00 00 00 00 
00 00 00 00 00 00 00 00 00 00 00 00 00 10 00 00 
00 00 00 00 00 00 00 00 00 00 00 00 00 00 00 10 
00 00 00 00 00 00 00 00 00 00 00 00 00 00 00 DA 
^
[+00:000:027] [Conn_PHY_SIZE]	[HDMI-2]  [X Dim:600mm, Y Dim:340mm]
^
[+00:000:011] [Conn_native_mode]	[HDMI-2] {1920x1080@60Hz}
^
[+00:000:010] [Conn_Stereo3D_support]	[HDMI-2] - Stereo3D:0
^
[+00:001:144] [Conn_Detect]	[UNKNOWN] DDC Display: [EDID Block 0] 

00 FF FF FF FF FF FF 00 04 69 00 00 00 00 00 00 
00 0A 01 04 A5 3C 22 78 3A A5 95 AA 54 4F A1 26 
0A 50 54 20 00 00 D1 C0 01 01 01 01 01 01 01 01 
01 01 01 01 01 01 00 00 00 10 00 00 00 00 00 00 
00 00 00 00 00 00 00 00 00 00 00 10 00 00 00 00 
00 00 00 00 00 00 00 00 00 00 00 00 00 10 00 00 
00 00 00 00 00 00 00 00 00 00 00 00 00 00 00 10 
00 00 00 00 00 00 00 00 00 00 00 00 00 00 00 DA 
^
[+00:000:029] [Conn_PHY_SIZE]	[UNKNOWN]  [X Dim:600mm, Y Dim:340mm]
^
[+00:000:012] [Conn_native_mode]	[UNKNOWN] {1920x1080@60Hz}
^
[+00:000:010] [Conn_Stereo3D_support]	[UNKNOWN] - Stereo3D:0
^
[+00:001:192] [Conn_Detect]	[UNKNOWN] DDC Display: [EDID Block 0] 

00 FF FF FF FF FF FF 00 04 69 00 00 00 00 00 00 
00 0A 01 04 A5 3C 22 78 3A A5 95 AA 54 4F A1 26 
0A 50 54 20 00 00 D1 C0 01 01 01 01 01 01 01 01 
01 01 01 01 01 01 00 00 00 10 00 00 00 00 00 00 
00 00 00 00 00 00 00 00 00 00 00 10 00 00 00 00 
00 00 00 00 00 00 00 00 00 00 00 00 00 10 00 00 
00 00 00 00 00 00 00 00 00 00 00 00 00 00 00 10 
00 00 00 00 00 00 00 00 00 00 00 00 00 00 00 DA 
^
[+00:000:029] [Conn_PHY_SIZE]	[UNKNOWN]  [X Dim:600mm, Y Dim:340mm]
^
[+00:000:011] [Conn_native_mode]	[UNKNOWN] {1920x1080@60Hz}
^
[+00:000:011] [Conn_Stereo3D_support]	[UNKNOWN] - Stereo3D:0
^
[+00:100:810] [Conn_Detect]	[EDP-1] DDC Display: [EDID Block 0] 

00 FF FF FF FF FF FF 00 0D AE C3 14 00 00 00 00 
13 1A 01 04 95 1F 11 78 02 7E 45 93 55 53 94 28 
23 50 54 00 00 00 01 01 01 01 01 01 01 01 01 01 
01 01 01 01 01 01 DA 1D 56 E2 50 00 20 30 44 2D 
47 00 35 AD 10 00 00 1A E7 13 56 E2 50 00 20 30 
44 2D 47 00 35 AD 10 00 00 1A 00 00 00 00 00 00 
00 00 00 00 00 00 00 00 00 00 00 00 00 00 00 02 
00 0C 44 FF 0B 3C 6E 0F 0F 1B 6E 00 00 00 00 9C 
^
[+00:000:181] [Conn_PHY_SIZE]	[EDP-1]  [X Dim:310mm, Y Dim:170mm]
^
[+00:000:019] [Conn_native_mode]	[EDP-1] {1366x768@60Hz}
^
[+00:000:011] [Conn_Stereo3D_support]	[EDP-1] - Stereo3D:0
^
[+00:028:230] [Conn_Num_Display]	 1
^
[+00:226:781] [Conn_Detect]	[EDP-1] DDC Display: [EDID Block 0] 

00 FF FF FF FF FF FF 00 0D AE C3 14 00 00 00 00 
13 1A 01 04 95 1F 11 78 02 7E 45 93 55 53 94 28 
23 50 54 00 00 00 01 01 01 01 01 01 01 01 01 01 
01 01 01 01 01 01 DA 1D 56 E2 50 00 20 30 44 2D 
47 00 35 AD 10 00 00 1A E7 13 56 E2 50 00 20 30 
44 2D 47 00 35 AD 10 00 00 1A 00 00 00 00 00 00 
00 00 00 00 00 00 00 00 00 00 00 00 00 00 00 02 
00 0C 44 FF 0B 3C 6E 0F 0F 1B 6E 00 00 00 00 9C 
00 00 00 00 00 00 00 00 00 00 00 00 00 00 00 00 
00 00 00 00 00 00 00 00 00 00 00 00 00 00 00 00 
00 00 00 00 00 00 00 00 00 00 00 00 00 00 00 00 
00 00 00 00 00 00 00 00 00 00 00 00 00 00 00 00 
00 00 00 00 00 00 00 00 00 00 00 00 00 00 00 00 
00 00 00 00 00 00 00 00 00 00 00 00 00 00 00 00 
00 00 00 00 00 00 00 00 00 00 00 00 00 00 00 00 
00 00 00 00 00 00 00 00 00 00 00 00 00 00 00 00 
^
[+00:000:046] [Conn_PHY_SIZE]	[EDP-1]  [X Dim:310mm, Y Dim:170mm]
^
[+00:000:014] [Conn_native_mode]	[EDP-1] {1366x768@60Hz}
^
[+00:000:012] [Conn_Stereo3D_support]	[EDP-1] - Stereo3D:0
^
[+00:061:122] [Conn_Mode]	[EDP-1] {1366x768, 1366x768@60:1, 1592x800@76420Khz}
^
[+00:004:384] [Conn_LKTN]	[EDP-1] HBRx1 pass VS=0, PE=0
^
[+07:272:857] [Conn_Mode]	[EDP-1] {1366x768, 1366x768@60:1, 1592x800@76420Khz}
^
[+00:471:109] [Conn_Mode]	[EDP-1] {1366x768, 1366x768@60:1, 1592x800@76420Khz}
^
*** Log File Version: 3.0 ***
[+00:000:000] [Conn_Detect]	[EDP-1] DDC Display: [EDID Block 0] 

00 FF FF FF FF FF FF 00 04 69 00 00 00 00 00 00 
00 0A 01 04 A5 3C 22 78 3A A5 95 AA 54 4F A1 26 
0A 50 54 20 00 00 D1 C0 01 01 01 01 01 01 01 01 
01 01 01 01 01 01 00 00 00 10 00 00 00 00 00 00 
00 00 00 00 00 00 00 00 00 00 00 10 00 00 00 00 
00 00 00 00 00 00 00 00 00 00 00 00 00 10 00 00 
00 00 00 00 00 00 00 00 00 00 00 00 00 00 00 10 
00 00 00 00 00 00 00 00 00 00 00 00 00 00 00 DA 
^
[+00:000:061] [Conn_PHY_SIZE]	[EDP-1]  [X Dim:600mm, Y Dim:340mm]
^
[+00:000:013] [Conn_native_mode]	[EDP-1] {1920x1080@60Hz}
^
[+00:000:012] [Conn_Stereo3D_support]	[EDP-1] - Stereo3D:0
^
[+00:002:049] [Conn_Detect]	[USBC-1] DDC Display: [EDID Block 0] 

00 FF FF FF FF FF FF 00 04 69 00 00 00 00 00 00 
00 0A 01 04 A5 3C 22 78 3A A5 95 AA 54 4F A1 26 
0A 50 54 20 00 00 D1 C0 01 01 01 01 01 01 01 01 
01 01 01 01 01 01 00 00 00 10 00 00 00 00 00 00 
00 00 00 00 00 00 00 00 00 00 00 10 00 00 00 00 
00 00 00 00 00 00 00 00 00 00 00 00 00 10 00 00 
00 00 00 00 00 00 00 00 00 00 00 00 00 00 00 10 
00 00 00 00 00 00 00 00 00 00 00 00 00 00 00 DA 
^
[+00:000:034] [Conn_PHY_SIZE]	[USBC-1]  [X Dim:600mm, Y Dim:340mm]
^
[+00:000:011] [Conn_native_mode]	[USBC-1] {1920x1080@60Hz}
^
[+00:000:011] [Conn_Stereo3D_support]	[USBC-1] - Stereo3D:0
^
[+00:001:983] [Conn_Detect]	[USBC-1] DDC Display: [EDID Block 0] 

00 FF FF FF FF FF FF 00 04 69 00 00 00 00 00 00 
00 0A 01 04 A5 3C 22 78 3A A5 95 AA 54 4F A1 26 
0A 50 54 20 00 00 D1 C0 01 01 01 01 01 01 01 01 
01 01 01 01 01 01 00 00 00 10 00 00 00 00 00 00 
00 00 00 00 00 00 00 00 00 00 00 10 00 00 00 00 
00 00 00 00 00 00 00 00 00 00 00 00 00 10 00 00 
00 00 00 00 00 00 00 00 00 00 00 00 00 00 00 10 
00 00 00 00 00 00 00 00 00 00 00 00 00 00 00 DA 
^
[+00:000:032] [Conn_PHY_SIZE]	[USBC-1]  [X Dim:600mm, Y Dim:340mm]
^
[+00:000:011] [Conn_native_mode]	[USBC-1] {1920x1080@60Hz}
^
[+00:000:011] [Conn_Stereo3D_support]	[USBC-1] - Stereo3D:0
^
[+00:002:001] [Conn_Detect]	[USBC-1] DDC Display: [EDID Block 0] 

00 FF FF FF FF FF FF 00 04 69 00 00 00 00 00 00 
00 0A 01 04 A5 3C 22 78 3A A5 95 AA 54 4F A1 26 
0A 50 54 20 00 00 D1 C0 01 01 01 01 01 01 01 01 
01 01 01 01 01 01 00 00 00 10 00 00 00 00 00 00 
00 00 00 00 00 00 00 00 00 00 00 10 00 00 00 00 
00 00 00 00 00 00 00 00 00 00 00 00 00 10 00 00 
00 00 00 00 00 00 00 00 00 00 00 00 00 00 00 10 
00 00 00 00 00 00 00 00 00 00 00 00 00 00 00 DA 
^
[+00:000:164] [Conn_PHY_SIZE]	[USBC-1]  [X Dim:600mm, Y Dim:340mm]
^
[+00:000:020] [Conn_native_mode]	[USBC-1] {1920x1080@60Hz}
^
[+00:000:011] [Conn_Stereo3D_support]	[USBC-1] - Stereo3D:0
^
[+00:002:005] [Conn_Detect]	[USBC-1] DDC Display: [EDID Block 0] 

00 FF FF FF FF FF FF 00 04 69 00 00 00 00 00 00 
00 0A 01 04 A5 3C 22 78 3A A5 95 AA 54 4F A1 26 
0A 50 54 20 00 00 D1 C0 01 01 01 01 01 01 01 01 
01 01 01 01 01 01 00 00 00 10 00 00 00 00 00 00 
00 00 00 00 00 00 00 00 00 00 00 10 00 00 00 00 
00 00 00 00 00 00 00 00 00 00 00 00 00 10 00 00 
00 00 00 00 00 00 00 00 00 00 00 00 00 00 00 10 
00 00 00 00 00 00 00 00 00 00 00 00 00 00 00 DA 
^
[+00:000:030] [Conn_PHY_SIZE]	[USBC-1]  [X Dim:600mm, Y Dim:340mm]
^
[+00:000:012] [Conn_native_mode]	[USBC-1] {1920x1080@60Hz}
^
[+00:000:011] [Conn_Stereo3D_support]	[USBC-1] - Stereo3D:0
^
[+00:002:047] [Conn_Detect]	[HDMI-2] DDC Display: [EDID Block 0] 

00 FF FF FF FF FF FF 00 04 69 00 00 00 00 00 00 
00 0A 01 04 A5 3C 22 78 3A A5 95 AA 54 4F A1 26 
0A 50 54 20 00 00 D1 C0 01 01 01 01 01 01 01 01 
01 01 01 01 01 01 00 00 00 10 00 00 00 00 00 00 
00 00 00 00 00 00 00 00 00 00 00 10 00 00 00 00 
00 00 00 00 00 00 00 00 00 00 00 00 00 10 00 00 
00 00 00 00 00 00 00 00 00 00 00 00 00 00 00 10 
00 00 00 00 00 00 00 00 00 00 00 00 00 00 00 DA 
^
[+00:000:029] [Conn_PHY_SIZE]	[HDMI-2]  [X Dim:600mm, Y Dim:340mm]
^
[+00:000:012] [Conn_native_mode]	[HDMI-2] {1920x1080@60Hz}
^
[+00:000:011] [Conn_Stereo3D_support]	[HDMI-2] - Stereo3D:0
^
[+00:001:120] [Conn_Detect]	[UNKNOWN] DDC Display: [EDID Block 0] 

00 FF FF FF FF FF FF 00 04 69 00 00 00 00 00 00 
00 0A 01 04 A5 3C 22 78 3A A5 95 AA 54 4F A1 26 
0A 50 54 20 00 00 D1 C0 01 01 01 01 01 01 01 01 
01 01 01 01 01 01 00 00 00 10 00 00 00 00 00 00 
00 00 00 00 00 00 00 00 00 00 00 10 00 00 00 00 
00 00 00 00 00 00 00 00 00 00 00 00 00 10 00 00 
00 00 00 00 00 00 00 00 00 00 00 00 00 00 00 10 
00 00 00 00 00 00 00 00 00 00 00 00 00 00 00 DA 
^
[+00:000:027] [Conn_PHY_SIZE]	[UNKNOWN]  [X Dim:600mm, Y Dim:340mm]
^
[+00:000:012] [Conn_native_mode]	[UNKNOWN] {1920x1080@60Hz}
^
[+00:000:010] [Conn_Stereo3D_support]	[UNKNOWN] - Stereo3D:0
^
[+00:001:133] [Conn_Detect]	[UNKNOWN] DDC Display: [EDID Block 0] 

00 FF FF FF FF FF FF 00 04 69 00 00 00 00 00 00 
00 0A 01 04 A5 3C 22 78 3A A5 95 AA 54 4F A1 26 
0A 50 54 20 00 00 D1 C0 01 01 01 01 01 01 01 01 
01 01 01 01 01 01 00 00 00 10 00 00 00 00 00 00 
00 00 00 00 00 00 00 00 00 00 00 10 00 00 00 00 
00 00 00 00 00 00 00 00 00 00 00 00 00 10 00 00 
00 00 00 00 00 00 00 00 00 00 00 00 00 00 00 10 
00 00 00 00 00 00 00 00 00 00 00 00 00 00 00 DA 
^
[+00:000:028] [Conn_PHY_SIZE]	[UNKNOWN]  [X Dim:600mm, Y Dim:340mm]
^
[+00:000:011] [Conn_native_mode]	[UNKNOWN] {1920x1080@60Hz}
^
[+00:000:011] [Conn_Stereo3D_support]	[UNKNOWN] - Stereo3D:0
^
[+00:115:624] [Conn_Detect]	[EDP-1] DDC Display: [EDID Block 0] 

00 FF FF FF FF FF FF 00 0D AE C3 14 00 00 00 00 
13 1A 01 04 95 1F 11 78 02 7E 45 93 55 53 94 28 
23 50 54 00 00 00 01 01 01 01 01 01 01 01 01 01 
01 01 01 01 01 01 DA 1D 56 E2 50 00 20 30 44 2D 
47 00 35 AD 10 00 00 1A E7 13 56 E2 50 00 20 30 
44 2D 47 00 35 AD 10 00 00 1A 00 00 00 00 00 00 
00 00 00 00 00 00 00 00 00 00 00 00 00 00 00 02 
00 0C 44 FF 0B 3C 6E 0F 0F 1B 6E 00 00 00 00 9C 
^
[+00:000:046] [Conn_PHY_SIZE]	[EDP-1]  [X Dim:310mm, Y Dim:170mm]
^
[+00:000:013] [Conn_native_mode]	[EDP-1] {1366x768@60Hz}
^
[+00:000:011] [Conn_Stereo3D_support]	[EDP-1] - Stereo3D:0
^
[+00:024:905] [Conn_Num_Display]	 1
^
[+00:197:423] [Conn_Detect]	[EDP-1] DDC Display: [EDID Block 0] 

00 FF FF FF FF FF FF 00 0D AE C3 14 00 00 00 00 
13 1A 01 04 95 1F 11 78 02 7E 45 93 55 53 94 28 
23 50 54 00 00 00 01 01 01 01 01 01 01 01 01 01 
01 01 01 01 01 01 DA 1D 56 E2 50 00 20 30 44 2D 
47 00 35 AD 10 00 00 1A E7 13 56 E2 50 00 20 30 
44 2D 47 00 35 AD 10 00 00 1A 00 00 00 00 00 00 
00 00 00 00 00 00 00 00 00 00 00 00 00 00 00 02 
00 0C 44 FF 0B 3C 6E 0F 0F 1B 6E 00 00 00 00 9C 
00 00 00 00 00 00 00 00 00 00 00 00 00 00 00 00 
00 00 00 00 00 00 00 00 00 00 00 00 00 00 00 00 
00 00 00 00 00 00 00 00 00 00 00 00 00 00 00 00 
00 00 00 00 00 00 00 00 00 00 00 00 00 00 00 00 
00 00 00 00 00 00 00 00 00 00 00 00 00 00 00 00 
00 00 00 00 00 00 00 00 00 00 00 00 00 00 00 00 
00 00 00 00 00 00 00 00 00 00 00 00 00 00 00 00 
00 00 00 00 00 00 00 00 00 00 00 00 00 00 00 00 
^
[+00:000:186] [Conn_PHY_SIZE]	[EDP-1]  [X Dim:310mm, Y Dim:170mm]
^
[+00:000:020] [Conn_native_mode]	[EDP-1] {1366x768@60Hz}
^
[+00:000:012] [Conn_Stereo3D_support]	[EDP-1] - Stereo3D:0
^
[+00:060:327] [Conn_Mode]	[EDP-1] {1366x768, 1366x768@60:1, 1592x800@76420Khz}
^
[+00:004:491] [Conn_LKTN]	[EDP-1] HBRx1 pass VS=0, PE=0
^
[+53:436:640] [Conn_Mode]	[EDP-1] {1366x768, 1366x768@60:1, 1592x800@76420Khz}
^
[+20:585:909] [Conn_Mode]	[EDP-1] {1366x768, 1366x768@60:1, 1592x800@76420Khz}
^
[+00:063:170] [Conn_Hotplug]	[HDMI-2] - Disconnected
^
[+00:000:056] [Conn_Hotplug]	[USBC-1] - Disconnected
^
[+00:000:013] [Conn_Num_Display]	 1
^
[+00:014:271] [Conn_Mode]	[EDP-1] {1366x768, 1366x768@60:1, 1592x800@76420Khz}
^
[+00:096:909] [Conn_LKTN]	[EDP-1] HBRx1 pass VS=0, PE=0
^
